@!@!@STARTMSG 2262:0 @!@!@
TLC2 Version 2.16 of Day Month 20?? (rev: c824a8a)
@!@!@ENDMSG 2262 @!@!@
@!@!@STARTMSG 2187:0 @!@!@
Running breadth-first search Model-Checking with fp 57 and seed -4400287640416685037 with 4 workers on 8 cores with 2407MB heap and 5414MB offheap memory [pid: 33340] (Windows 10 10.0 amd64, AdoptOpenJDK 14.0.1 x86_64, OffHeapDiskFPSet, DiskStateQueue).
@!@!@ENDMSG 2187 @!@!@
@!@!@STARTMSG 2220:0 @!@!@
Starting SANY...
@!@!@ENDMSG 2220 @!@!@
Parsing file C:\Users\snedunu\Documents\Projects\FM\model_refinement_LDRD_21_24\fromZip\Tokeneer\specs\Tokeneer.toolbox\Model_II\MC.tla
Parsing file C:\Users\snedunu\Documents\Projects\FM\model_refinement_LDRD_21_24\fromZip\Tokeneer\specs\Tokeneer.toolbox\Model_II\Tokeneer.tla
Parsing file C:\ProgramFiles\TLA-1.8.0\toolbox\plugins\org.lamport.tlatools_1.0.0.202109030417\tla2sany\StandardModules\TLC.tla
Parsing file C:\Users\snedunu\Documents\Projects\FM\model_refinement_LDRD_21_24\fromZip\Tokeneer\specs\Tokeneer.toolbox\Model_II\TokeneerII.tla
Parsing file C:\ProgramFiles\TLA-1.8.0\toolbox\plugins\org.lamport.tlatools_1.0.0.202109030417\tla2sany\StandardModules\Naturals.tla
Parsing file C:\ProgramFiles\TLA-1.8.0\toolbox\plugins\org.lamport.tlatools_1.0.0.202109030417\tla2sany\StandardModules\Sequences.tla
Parsing file C:\ProgramFiles\TLA-1.8.0\toolbox\plugins\org.lamport.tlatools_1.0.0.202109030417\tla2sany\StandardModules\FiniteSets.tla
Semantic processing of module Naturals
Semantic processing of module Sequences
Semantic processing of module FiniteSets
Semantic processing of module TLC
Semantic processing of module TokeneerII
Semantic processing of module Tokeneer
Semantic processing of module MC
@!@!@STARTMSG 2219:0 @!@!@
SANY finished.
@!@!@ENDMSG 2219 @!@!@
@!@!@STARTMSG 2185:0 @!@!@
Starting... (2021-10-04 20:18:53)
@!@!@ENDMSG 2185 @!@!@
<<"$!@$!@$!@$!@$!", {"A", "B"}>>
@!@!@STARTMSG 2189:0 @!@!@
Computing initial states...
@!@!@ENDMSG 2189 @!@!@
@!@!@STARTMSG 2190:0 @!@!@
Finished computing initial states: 1 distinct state generated at 2021-10-04 20:18:54.
@!@!@ENDMSG 2190 @!@!@
"addToHist: cond is true"  <<{INSERT_ACTION}>>
"addToHist: cond is true"  <<{INSERT_ACTION}>>
"addToHist: cond is true"  <<{WAIT}>>
"addToHist: cond is true"  <<{INSERT_ACTION}, {REMOVE_ACTION}>>
"addToHist: cond is true"  <<{INSERT_ACTION}, {UNLOCK_ACTION}>>
"addToHist: cond is true"  <<{INSERT_ACTION}, {REMOVE_ACTION}, {INSERT_ACTION}>>
"addToHist: cond is true"  <<{INSERT_ACTION}, {UNLOCK_ACTION}>>
"addToHist: cond is true"  <<{INSERT_ACTION}, {REMOVE_ACTION}, {INSERT_ACTION}>>
"addToHist: cond is true"  <<{INSERT_ACTION}, {WAIT}>>
"addToHist: cond is true"  <<{INSERT_ACTION}, {UNLOCK_ACTION}, {REMOVE_ACTION}>>
"addToHist: cond is true"  <<{INSERT_ACTION}, {REMOVE_ACTION}, {WAIT}>>
"addToHist: cond is true"  <<{INSERT_ACTION}, {REMOVE_ACTION}, {INSERT_ACTION}, {REMOVE_ACTION}>>
"addToHist: cond is true"  <<{INSERT_ACTION}, {UNLOCK_ACTION}, {LOCK_ACTION}>>
"addToHist: cond is true"  <<{INSERT_ACTION}, {UNLOCK_ACTION}, {REMOVE_ACTION}, {INSERT_ACTION}>>
"addToHist: cond is true"  <<{INSERT_ACTION}, {REMOVE_ACTION}, {INSERT_ACTION}, {UNLOCK_ACTION}>>
"addToHist: cond is true"  <<{INSERT_ACTION}, {REMOVE_ACTION}, {INSERT_ACTION}, {REMOVE_ACTION}, {INSERT_ACTION}>>
"addToHist: cond is true"  <<{INSERT_ACTION}, {UNLOCK_ACTION}, {WAIT}>>
"addToHist: cond is true"  <<{INSERT_ACTION}, {REMOVE_ACTION}, {INSERT_ACTION}, {UNLOCK_ACTION}>>
"addToHist: cond is true"  <<{INSERT_ACTION}, {UNLOCK_ACTION}, {LOCK_ACTION}, {REMOVE_ACTION}>>
"addToHist: cond is true"  <<{INSERT_ACTION}, {REMOVE_ACTION}, {INSERT_ACTION}, {REMOVE_ACTION}, {INSERT_ACTION}>>
"addToHist: cond is true"  <<{INSERT_ACTION}, {REMOVE_ACTION}, {INSERT_ACTION}, {WAIT}>>
"addToHist: cond is true"  <<{INSERT_ACTION}, {REMOVE_ACTION}, {INSERT_ACTION}, {REMOVE_ACTION}, {WAIT}>>
"addToHist: cond is true"  <<{INSERT_ACTION}, {UNLOCK_ACTION}, {LOCK_ACTION}, {UNLOCK_ACTION}>>
"addToHist: cond is true"  <<{INSERT_ACTION}, {UNLOCK_ACTION}, {REMOVE_ACTION}, {INSERT_ACTION}>>
"addToHist: cond is true"  <<{INSERT_ACTION}, {UNLOCK_ACTION}, {LOCK_ACTION}, {UNLOCK_ACTION}>>
"addToHist: cond is true"  <<{INSERT_ACTION}, {REMOVE_ACTION}, {INSERT_ACTION}, {UNLOCK_ACTION}, {REMOVE_ACTION}>>
"addToHist: cond is true"  <<{INSERT_ACTION}, {UNLOCK_ACTION}, {LOCK_ACTION}, {WAIT}>>
"addToHist: cond is true"  <<{INSERT_ACTION}, {REMOVE_ACTION}, {INSERT_ACTION}, {UNLOCK_ACTION}, {LOCK_ACTION}>>
"addToHist: cond is true"  <<{INSERT_ACTION}, {UNLOCK_ACTION}, {LOCK_ACTION}, {REMOVE_ACTION}, {INSERT_ACTION}>>
"addToHist: cond is true"  <<{INSERT_ACTION}, {UNLOCK_ACTION}, {LOCK_ACTION}, {REMOVE_ACTION}, {INSERT_ACTION}>>
"addToHist: cond is true"  <<{INSERT_ACTION}, {UNLOCK_ACTION}, {REMOVE_ACTION}, {LOCK_ACTION}>>
"addToHist: cond is true"  <<{INSERT_ACTION}, {REMOVE_ACTION}, {INSERT_ACTION}, {REMOVE_ACTION}, {INSERT_ACTION}, {REMOVE_ACTION}>>
"addToHist: cond is true"  <<{INSERT_ACTION}, {UNLOCK_ACTION}, {LOCK_ACTION}, {REMOVE_ACTION}, {WAIT}>>
"addToHist: cond is true"  <<{INSERT_ACTION}, {UNLOCK_ACTION}, {REMOVE_ACTION}, {WAIT}>>
"addToHist: cond is true"  <<{INSERT_ACTION}, {REMOVE_ACTION}, {INSERT_ACTION}, {UNLOCK_ACTION}, {WAIT}>>
"addToHist: cond is true"  <<{INSERT_ACTION}, {UNLOCK_ACTION}, {REMOVE_ACTION}, {INSERT_ACTION}, {REMOVE_ACTION}>>
"addToHist: cond is true"  <<{INSERT_ACTION}, {REMOVE_ACTION}, {INSERT_ACTION}, {REMOVE_ACTION}, {INSERT_ACTION}, {UNLOCK_ACTION}>>
"addToHist: cond is true"  <<{INSERT_ACTION}, {UNLOCK_ACTION}, {LOCK_ACTION}, {UNLOCK_ACTION}, {REMOVE_ACTION}>>
"addToHist: cond is true"  <<{INSERT_ACTION}, {UNLOCK_ACTION}, {REMOVE_ACTION}, {INSERT_ACTION}, {LOCK_ACTION}>>
"addToHist: cond is true"  <<{INSERT_ACTION}, {REMOVE_ACTION}, {INSERT_ACTION}, {REMOVE_ACTION}, {INSERT_ACTION}, {UNLOCK_ACTION}>>
"addToHist: cond is true"  <<{INSERT_ACTION}, {UNLOCK_ACTION}, {LOCK_ACTION}, {UNLOCK_ACTION}, {LOCK_ACTION}>>
"addToHist: cond is true"  <<{INSERT_ACTION}, {UNLOCK_ACTION}, {REMOVE_ACTION}, {INSERT_ACTION}, {WAIT}>>
"addToHist: cond is true"  <<{INSERT_ACTION}, {UNLOCK_ACTION}, {LOCK_ACTION}, {UNLOCK_ACTION}, {WAIT}>>
"addToHist: cond is true"  <<{INSERT_ACTION}, {REMOVE_ACTION}, {INSERT_ACTION}, {UNLOCK_ACTION}, {LOCK_ACTION}, {REMOVE_ACTION}>>
"addToHist: cond is true"  <<{INSERT_ACTION}, {UNLOCK_ACTION}, {LOCK_ACTION}, {REMOVE_ACTION}, {INSERT_ACTION}, {REMOVE_ACTION}>>
"addToHist: cond is true"  <<{INSERT_ACTION}, {REMOVE_ACTION}, {INSERT_ACTION}, {UNLOCK_ACTION}, {LOCK_ACTION}, {UNLOCK_ACTION}>>
"addToHist: cond is true"  <<{INSERT_ACTION}, {UNLOCK_ACTION}, {LOCK_ACTION}, {REMOVE_ACTION}, {INSERT_ACTION}, {UNLOCK_ACTION}>>
"addToHist: cond is true"  <<{INSERT_ACTION}, {REMOVE_ACTION}, {INSERT_ACTION}, {UNLOCK_ACTION}, {REMOVE_ACTION}, {INSERT_ACTION}>>
"addToHist: cond is true"  <<{INSERT_ACTION}, {REMOVE_ACTION}, {INSERT_ACTION}, {UNLOCK_ACTION}, {LOCK_ACTION}, {UNLOCK_ACTION}>>
"addToHist: cond is true"  <<{INSERT_ACTION}, {UNLOCK_ACTION}, {LOCK_ACTION}, {REMOVE_ACTION}, {INSERT_ACTION}, {UNLOCK_ACTION}>>
"addToHist: cond is true"  <<{INSERT_ACTION}, {REMOVE_ACTION}, {INSERT_ACTION}, {UNLOCK_ACTION}, {REMOVE_ACTION}, {INSERT_ACTION}>>
"addToHist: cond is true"  <<{INSERT_ACTION}, {REMOVE_ACTION}, {INSERT_ACTION}, {UNLOCK_ACTION}, {LOCK_ACTION}, {WAIT}>>
"addToHist: cond is true"  <<{INSERT_ACTION}, {UNLOCK_ACTION}, {LOCK_ACTION}, {REMOVE_ACTION}, {INSERT_ACTION}, {WAIT}>>
"addToHist: cond is true"  <<{INSERT_ACTION}, {REMOVE_ACTION}, {INSERT_ACTION}, {REMOVE_ACTION}, {INSERT_ACTION}, {WAIT}>>
"addToHist: cond is true"  <<{INSERT_ACTION}, {REMOVE_ACTION}, {INSERT_ACTION}, {REMOVE_ACTION}, {INSERT_ACTION}, {REMOVE_ACTION}, {INSERT_ACTION}>>
"addToHist: cond is true"  <<{INSERT_ACTION}, {REMOVE_ACTION}, {INSERT_ACTION}, {UNLOCK_ACTION}, {REMOVE_ACTION}, {LOCK_ACTION}>>
"addToHist: cond is true"  <<{INSERT_ACTION}, {REMOVE_ACTION}, {INSERT_ACTION}, {REMOVE_ACTION}, {INSERT_ACTION}, {REMOVE_ACTION}, {INSERT_ACTION}>>
"addToHist: cond is true"  <<{INSERT_ACTION}, {UNLOCK_ACTION}, {REMOVE_ACTION}, {LOCK_ACTION}, {INSERT_ACTION}>>
"addToHist: cond is true"  <<{INSERT_ACTION}, {REMOVE_ACTION}, {INSERT_ACTION}, {REMOVE_ACTION}, {INSERT_ACTION}, {REMOVE_ACTION}, {WAIT}>>
"addToHist: cond is true"  <<{INSERT_ACTION}, {REMOVE_ACTION}, {INSERT_ACTION}, {UNLOCK_ACTION}, {REMOVE_ACTION}, {WAIT}>>
"addToHist: cond is true"  <<{INSERT_ACTION}, {UNLOCK_ACTION}, {LOCK_ACTION}, {UNLOCK_ACTION}, {REMOVE_ACTION}, {INSERT_ACTION}>>
"addToHist: cond is true"  <<{INSERT_ACTION}, {UNLOCK_ACTION}, {REMOVE_ACTION}, {INSERT_ACTION}, {LOCK_ACTION}, {REMOVE_ACTION}>>
"addToHist: cond is true"  <<{INSERT_ACTION}, {UNLOCK_ACTION}, {REMOVE_ACTION}, {LOCK_ACTION}, {INSERT_ACTION}>>
"addToHist: cond is true"  <<{INSERT_ACTION}, {UNLOCK_ACTION}, {LOCK_ACTION}, {UNLOCK_ACTION}, {REMOVE_ACTION}, {INSERT_ACTION}>>
"addToHist: cond is true"  <<{INSERT_ACTION}, {UNLOCK_ACTION}, {REMOVE_ACTION}, {LOCK_ACTION}, {WAIT}>>
"addToHist: cond is true"  <<{INSERT_ACTION}, {UNLOCK_ACTION}, {REMOVE_ACTION}, {INSERT_ACTION}, {REMOVE_ACTION}, {INSERT_ACTION}>>
"addToHist: cond is true"  <<{INSERT_ACTION}, {UNLOCK_ACTION}, {LOCK_ACTION}, {UNLOCK_ACTION}, {REMOVE_ACTION}, {LOCK_ACTION}>>
"addToHist: cond is true"  <<{INSERT_ACTION}, {UNLOCK_ACTION}, {REMOVE_ACTION}, {INSERT_ACTION}, {REMOVE_ACTION}, {INSERT_ACTION}>>
"addToHist: cond is true"  <<{INSERT_ACTION}, {UNLOCK_ACTION}, {LOCK_ACTION}, {UNLOCK_ACTION}, {REMOVE_ACTION}, {WAIT}>>
"addToHist: cond is true"  <<{INSERT_ACTION}, {UNLOCK_ACTION}, {REMOVE_ACTION}, {INSERT_ACTION}, {REMOVE_ACTION}, {LOCK_ACTION}>>
"addToHist: cond is true"  <<{INSERT_ACTION}, {REMOVE_ACTION}, {INSERT_ACTION}, {REMOVE_ACTION}, {INSERT_ACTION}, {UNLOCK_ACTION}, {REMOVE_ACTION}>>
"addToHist: cond is true"  <<{INSERT_ACTION}, {UNLOCK_ACTION}, {REMOVE_ACTION}, {INSERT_ACTION}, {REMOVE_ACTION}, {WAIT}>>
"addToHist: cond is true"  <<{INSERT_ACTION}, {REMOVE_ACTION}, {INSERT_ACTION}, {REMOVE_ACTION}, {INSERT_ACTION}, {UNLOCK_ACTION}, {LOCK_ACTION}>>
"addToHist: cond is true"  <<{INSERT_ACTION}, {UNLOCK_ACTION}, {REMOVE_ACTION}, {INSERT_ACTION}, {LOCK_ACTION}, {UNLOCK_ACTION}>>
"addToHist: cond is true"  <<{INSERT_ACTION}, {UNLOCK_ACTION}, {LOCK_ACTION}, {UNLOCK_ACTION}, {LOCK_ACTION}, {REMOVE_ACTION}>>
"addToHist: cond is true"  <<{INSERT_ACTION}, {REMOVE_ACTION}, {INSERT_ACTION}, {UNLOCK_ACTION}, {LOCK_ACTION}, {REMOVE_ACTION}, {INSERT_ACTION}>>
"addToHist: cond is true"  <<{INSERT_ACTION}, {REMOVE_ACTION}, {INSERT_ACTION}, {UNLOCK_ACTION}, {LOCK_ACTION}, {REMOVE_ACTION}, {INSERT_ACTION}>>
"addToHist: cond is true"  <<{INSERT_ACTION}, {UNLOCK_ACTION}, {LOCK_ACTION}, {UNLOCK_ACTION}, {LOCK_ACTION}, {WAIT}>>
"addToHist: cond is true"  <<{INSERT_ACTION}, {UNLOCK_ACTION}, {LOCK_ACTION}, {REMOVE_ACTION}, {INSERT_ACTION}, {REMOVE_ACTION}, {INSERT_ACTION}>>
"addToHist: cond is true"  <<{INSERT_ACTION}, {UNLOCK_ACTION}, {REMOVE_ACTION}, {INSERT_ACTION}, {LOCK_ACTION}, {UNLOCK_ACTION}>>
"addToHist: cond is true"  <<{INSERT_ACTION}, {REMOVE_ACTION}, {INSERT_ACTION}, {REMOVE_ACTION}, {INSERT_ACTION}, {UNLOCK_ACTION}, {WAIT}>>
"addToHist: cond is true"  <<{INSERT_ACTION}, {UNLOCK_ACTION}, {REMOVE_ACTION}, {INSERT_ACTION}, {LOCK_ACTION}, {WAIT}>>
"addToHist: cond is true"  <<{INSERT_ACTION}, {REMOVE_ACTION}, {INSERT_ACTION}, {UNLOCK_ACTION}, {LOCK_ACTION}, {REMOVE_ACTION}, {WAIT}>>
"addToHist: cond is true"  <<{INSERT_ACTION}, {REMOVE_ACTION}, {INSERT_ACTION}, {UNLOCK_ACTION}, {LOCK_ACTION}, {UNLOCK_ACTION}, {REMOVE_ACTION}>>
"addToHist: cond is true"  <<{INSERT_ACTION}, {UNLOCK_ACTION}, {LOCK_ACTION}, {REMOVE_ACTION}, {INSERT_ACTION}, {UNLOCK_ACTION}, {REMOVE_ACTION}>>
"addToHist: cond is true"  <<{INSERT_ACTION}, {REMOVE_ACTION}, {INSERT_ACTION}, {UNLOCK_ACTION}, {REMOVE_ACTION}, {INSERT_ACTION}, {REMOVE_ACTION}>>
"addToHist: cond is true"  <<{INSERT_ACTION}, {UNLOCK_ACTION}, {LOCK_ACTION}, {REMOVE_ACTION}, {INSERT_ACTION}, {REMOVE_ACTION}, {INSERT_ACTION}>>
"addToHist: cond is true"  <<{INSERT_ACTION}, {REMOVE_ACTION}, {INSERT_ACTION}, {UNLOCK_ACTION}, {LOCK_ACTION}, {UNLOCK_ACTION}, {LOCK_ACTION}>>
"addToHist: cond is true"  <<{INSERT_ACTION}, {UNLOCK_ACTION}, {LOCK_ACTION}, {REMOVE_ACTION}, {INSERT_ACTION}, {UNLOCK_ACTION}, {LOCK_ACTION}>>
"addToHist: cond is true"  <<{INSERT_ACTION}, {UNLOCK_ACTION}, {LOCK_ACTION}, {REMOVE_ACTION}, {INSERT_ACTION}, {REMOVE_ACTION}, {WAIT}>>
"addToHist: cond is true"  <<{INSERT_ACTION}, {REMOVE_ACTION}, {INSERT_ACTION}, {UNLOCK_ACTION}, {REMOVE_ACTION}, {INSERT_ACTION}, {LOCK_ACTION}>>
"addToHist: cond is true"  <<{INSERT_ACTION}, {REMOVE_ACTION}, {INSERT_ACTION}, {REMOVE_ACTION}, {INSERT_ACTION}, {REMOVE_ACTION}, {INSERT_ACTION}, {REMOVE_ACTION}>>
"addToHist: cond is true"  <<{INSERT_ACTION}, {REMOVE_ACTION}, {INSERT_ACTION}, {UNLOCK_ACTION}, {LOCK_ACTION}, {UNLOCK_ACTION}, {WAIT}>>
"addToHist: cond is true"  <<{INSERT_ACTION}, {UNLOCK_ACTION}, {LOCK_ACTION}, {REMOVE_ACTION}, {INSERT_ACTION}, {UNLOCK_ACTION}, {WAIT}>>
"addToHist: cond is true"  <<{INSERT_ACTION}, {REMOVE_ACTION}, {INSERT_ACTION}, {UNLOCK_ACTION}, {REMOVE_ACTION}, {INSERT_ACTION}, {WAIT}>>
"addToHist: cond is true"  <<{INSERT_ACTION}, {REMOVE_ACTION}, {INSERT_ACTION}, {UNLOCK_ACTION}, {REMOVE_ACTION}, {LOCK_ACTION}, {INSERT_ACTION}>>
"addToHist: cond is true"  <<{INSERT_ACTION}, {UNLOCK_ACTION}, {REMOVE_ACTION}, {LOCK_ACTION}, {INSERT_ACTION}, {REMOVE_ACTION}>>
"addToHist: cond is true"  <<{INSERT_ACTION}, {REMOVE_ACTION}, {INSERT_ACTION}, {REMOVE_ACTION}, {INSERT_ACTION}, {REMOVE_ACTION}, {INSERT_ACTION}, {UNLOCK_ACTION}>>
"addToHist: cond is true"  <<{INSERT_ACTION}, {UNLOCK_ACTION}, {LOCK_ACTION}, {UNLOCK_ACTION}, {REMOVE_ACTION}, {INSERT_ACTION}, {REMOVE_ACTION}>>
"addToHist: cond is true"  <<{INSERT_ACTION}, {UNLOCK_ACTION}, {REMOVE_ACTION}, {LOCK_ACTION}, {INSERT_ACTION}, {UNLOCK_ACTION}>>
"addToHist: cond is true"  <<{INSERT_ACTION}, {UNLOCK_ACTION}, {LOCK_ACTION}, {UNLOCK_ACTION}, {REMOVE_ACTION}, {INSERT_ACTION}, {LOCK_ACTION}>>
"addToHist: cond is true"  <<{INSERT_ACTION}, {REMOVE_ACTION}, {INSERT_ACTION}, {REMOVE_ACTION}, {INSERT_ACTION}, {REMOVE_ACTION}, {INSERT_ACTION}, {UNLOCK_ACTION}>>
"addToHist: cond is true"  <<{INSERT_ACTION}, {UNLOCK_ACTION}, {LOCK_ACTION}, {UNLOCK_ACTION}, {REMOVE_ACTION}, {INSERT_ACTION}, {WAIT}>>
"addToHist: cond is true"  <<{INSERT_ACTION}, {UNLOCK_ACTION}, {REMOVE_ACTION}, {LOCK_ACTION}, {INSERT_ACTION}, {UNLOCK_ACTION}>>
"addToHist: cond is true"  <<{INSERT_ACTION}, {REMOVE_ACTION}, {INSERT_ACTION}, {UNLOCK_ACTION}, {REMOVE_ACTION}, {LOCK_ACTION}, {INSERT_ACTION}>>
"addToHist: cond is true"  <<{INSERT_ACTION}, {REMOVE_ACTION}, {INSERT_ACTION}, {REMOVE_ACTION}, {INSERT_ACTION}, {REMOVE_ACTION}, {INSERT_ACTION}, {WAIT}>>
"addToHist: cond is true"  <<{INSERT_ACTION}, {UNLOCK_ACTION}, {REMOVE_ACTION}, {INSERT_ACTION}, {LOCK_ACTION}, {REMOVE_ACTION}, {INSERT_ACTION}>>
"addToHist: cond is true"  <<{INSERT_ACTION}, {UNLOCK_ACTION}, {REMOVE_ACTION}, {LOCK_ACTION}, {INSERT_ACTION}, {WAIT}>>
"addToHist: cond is true"  <<{INSERT_ACTION}, {REMOVE_ACTION}, {INSERT_ACTION}, {UNLOCK_ACTION}, {REMOVE_ACTION}, {LOCK_ACTION}, {WAIT}>>
"addToHist: cond is true"  <<{INSERT_ACTION}, {UNLOCK_ACTION}, {LOCK_ACTION}, {UNLOCK_ACTION}, {REMOVE_ACTION}, {LOCK_ACTION}, {INSERT_ACTION}>>
"addToHist: cond is true"  <<{INSERT_ACTION}, {UNLOCK_ACTION}, {REMOVE_ACTION}, {INSERT_ACTION}, {REMOVE_ACTION}, {INSERT_ACTION}, {REMOVE_ACTION}>>
"addToHist: cond is true"  <<{INSERT_ACTION}, {UNLOCK_ACTION}, {REMOVE_ACTION}, {INSERT_ACTION}, {REMOVE_ACTION}, {LOCK_ACTION}, {INSERT_ACTION}>>
"addToHist: cond is true"  <<{INSERT_ACTION}, {UNLOCK_ACTION}, {REMOVE_ACTION}, {INSERT_ACTION}, {LOCK_ACTION}, {REMOVE_ACTION}, {INSERT_ACTION}>>
"addToHist: cond is true"  <<{INSERT_ACTION}, {UNLOCK_ACTION}, {LOCK_ACTION}, {UNLOCK_ACTION}, {REMOVE_ACTION}, {LOCK_ACTION}, {INSERT_ACTION}>>
"addToHist: cond is true"  <<{INSERT_ACTION}, {UNLOCK_ACTION}, {REMOVE_ACTION}, {INSERT_ACTION}, {REMOVE_ACTION}, {LOCK_ACTION}, {INSERT_ACTION}>>
"addToHist: cond is true"  <<{INSERT_ACTION}, {UNLOCK_ACTION}, {REMOVE_ACTION}, {INSERT_ACTION}, {REMOVE_ACTION}, {INSERT_ACTION}, {LOCK_ACTION}>>
"addToHist: cond is true"  <<{INSERT_ACTION}, {UNLOCK_ACTION}, {LOCK_ACTION}, {UNLOCK_ACTION}, {REMOVE_ACTION}, {LOCK_ACTION}, {WAIT}>>
"addToHist: cond is true"  <<{INSERT_ACTION}, {UNLOCK_ACTION}, {REMOVE_ACTION}, {INSERT_ACTION}, {LOCK_ACTION}, {REMOVE_ACTION}, {WAIT}>>
"addToHist: cond is true"  <<{INSERT_ACTION}, {UNLOCK_ACTION}, {REMOVE_ACTION}, {INSERT_ACTION}, {REMOVE_ACTION}, {LOCK_ACTION}, {WAIT}>>
"addToHist: cond is true"  <<{INSERT_ACTION}, {REMOVE_ACTION}, {INSERT_ACTION}, {REMOVE_ACTION}, {INSERT_ACTION}, {UNLOCK_ACTION}, {REMOVE_ACTION}, {INSERT_ACTION}>>
"addToHist: cond is true"  <<{INSERT_ACTION}, {UNLOCK_ACTION}, {LOCK_ACTION}, {UNLOCK_ACTION}, {LOCK_ACTION}, {REMOVE_ACTION}, {INSERT_ACTION}>>
"addToHist: cond is true"  <<{INSERT_ACTION}, {UNLOCK_ACTION}, {REMOVE_ACTION}, {INSERT_ACTION}, {REMOVE_ACTION}, {INSERT_ACTION}, {WAIT}>>
"addToHist: cond is true"  <<{INSERT_ACTION}, {REMOVE_ACTION}, {INSERT_ACTION}, {REMOVE_ACTION}, {INSERT_ACTION}, {UNLOCK_ACTION}, {REMOVE_ACTION}, {INSERT_ACTION}>>
"addToHist: cond is true"  <<{INSERT_ACTION}, {REMOVE_ACTION}, {INSERT_ACTION}, {REMOVE_ACTION}, {INSERT_ACTION}, {UNLOCK_ACTION}, {LOCK_ACTION}, {REMOVE_ACTION}>>
"addToHist: cond is true"  <<{INSERT_ACTION}, {REMOVE_ACTION}, {INSERT_ACTION}, {UNLOCK_ACTION}, {LOCK_ACTION}, {REMOVE_ACTION}, {INSERT_ACTION}, {REMOVE_ACTION}>>
"addToHist: cond is true"  <<{INSERT_ACTION}, {UNLOCK_ACTION}, {LOCK_ACTION}, {UNLOCK_ACTION}, {LOCK_ACTION}, {REMOVE_ACTION}, {INSERT_ACTION}>>
"addToHist: cond is true"  <<{INSERT_ACTION}, {REMOVE_ACTION}, {INSERT_ACTION}, {REMOVE_ACTION}, {INSERT_ACTION}, {UNLOCK_ACTION}, {REMOVE_ACTION}, {LOCK_ACTION}>>
"addToHist: cond is true"  <<{INSERT_ACTION}, {REMOVE_ACTION}, {INSERT_ACTION}, {REMOVE_ACTION}, {INSERT_ACTION}, {UNLOCK_ACTION}, {LOCK_ACTION}, {UNLOCK_ACTION}>>
"addToHist: cond is true"  <<{INSERT_ACTION}, {UNLOCK_ACTION}, {LOCK_ACTION}, {UNLOCK_ACTION}, {LOCK_ACTION}, {REMOVE_ACTION}, {WAIT}>>
"addToHist: cond is true"  <<{INSERT_ACTION}, {REMOVE_ACTION}, {INSERT_ACTION}, {UNLOCK_ACTION}, {LOCK_ACTION}, {REMOVE_ACTION}, {INSERT_ACTION}, {UNLOCK_ACTION}>>
"addToHist: cond is true"  <<{INSERT_ACTION}, {UNLOCK_ACTION}, {REMOVE_ACTION}, {INSERT_ACTION}, {LOCK_ACTION}, {UNLOCK_ACTION}, {REMOVE_ACTION}>>
"addToHist: cond is true"  <<{INSERT_ACTION}, {REMOVE_ACTION}, {INSERT_ACTION}, {REMOVE_ACTION}, {INSERT_ACTION}, {UNLOCK_ACTION}, {LOCK_ACTION}, {UNLOCK_ACTION}>>
"addToHist: cond is true"  <<{INSERT_ACTION}, {REMOVE_ACTION}, {INSERT_ACTION}, {REMOVE_ACTION}, {INSERT_ACTION}, {UNLOCK_ACTION}, {REMOVE_ACTION}, {WAIT}>>
"addToHist: cond is true"  <<{INSERT_ACTION}, {REMOVE_ACTION}, {INSERT_ACTION}, {UNLOCK_ACTION}, {LOCK_ACTION}, {UNLOCK_ACTION}, {REMOVE_ACTION}, {INSERT_ACTION}>>
"addToHist: cond is true"  <<{INSERT_ACTION}, {UNLOCK_ACTION}, {REMOVE_ACTION}, {INSERT_ACTION}, {LOCK_ACTION}, {UNLOCK_ACTION}, {LOCK_ACTION}>>
"addToHist: cond is true"  <<{INSERT_ACTION}, {REMOVE_ACTION}, {INSERT_ACTION}, {UNLOCK_ACTION}, {LOCK_ACTION}, {REMOVE_ACTION}, {INSERT_ACTION}, {UNLOCK_ACTION}>>
"addToHist: cond is true"  <<{INSERT_ACTION}, {REMOVE_ACTION}, {INSERT_ACTION}, {UNLOCK_ACTION}, {LOCK_ACTION}, {REMOVE_ACTION}, {INSERT_ACTION}, {WAIT}>>
"addToHist: cond is true"  <<{INSERT_ACTION}, {UNLOCK_ACTION}, {LOCK_ACTION}, {REMOVE_ACTION}, {INSERT_ACTION}, {UNLOCK_ACTION}, {REMOVE_ACTION}, {INSERT_ACTION}>>
"addToHist: cond is true"  <<{INSERT_ACTION}, {REMOVE_ACTION}, {INSERT_ACTION}, {UNLOCK_ACTION}, {LOCK_ACTION}, {UNLOCK_ACTION}, {REMOVE_ACTION}, {INSERT_ACTION}>>
"addToHist: cond is true"  <<{INSERT_ACTION}, {UNLOCK_ACTION}, {LOCK_ACTION}, {REMOVE_ACTION}, {INSERT_ACTION}, {UNLOCK_ACTION}, {REMOVE_ACTION}, {INSERT_ACTION}>>
"addToHist: cond is true"  <<{INSERT_ACTION}, {REMOVE_ACTION}, {INSERT_ACTION}, {UNLOCK_ACTION}, {LOCK_ACTION}, {UNLOCK_ACTION}, {REMOVE_ACTION}, {LOCK_ACTION}>>
"addToHist: cond is true"  <<{INSERT_ACTION}, {UNLOCK_ACTION}, {LOCK_ACTION}, {REMOVE_ACTION}, {INSERT_ACTION}, {UNLOCK_ACTION}, {REMOVE_ACTION}, {LOCK_ACTION}>>
"addToHist: cond is true"  <<{INSERT_ACTION}, {UNLOCK_ACTION}, {LOCK_ACTION}, {REMOVE_ACTION}, {INSERT_ACTION}, {UNLOCK_ACTION}, {REMOVE_ACTION}, {WAIT}>>
"addToHist: cond is true"  <<{INSERT_ACTION}, {REMOVE_ACTION}, {INSERT_ACTION}, {UNLOCK_ACTION}, {LOCK_ACTION}, {UNLOCK_ACTION}, {REMOVE_ACTION}, {WAIT}>>
"addToHist: cond is true"  <<{INSERT_ACTION}, {UNLOCK_ACTION}, {LOCK_ACTION}, {REMOVE_ACTION}, {INSERT_ACTION}, {REMOVE_ACTION}, {INSERT_ACTION}, {REMOVE_ACTION}>>
"addToHist: cond is true"  <<{INSERT_ACTION}, {REMOVE_ACTION}, {INSERT_ACTION}, {UNLOCK_ACTION}, {REMOVE_ACTION}, {INSERT_ACTION}, {REMOVE_ACTION}, {INSERT_ACTION}>>
"addToHist: cond is true"  <<{INSERT_ACTION}, {REMOVE_ACTION}, {INSERT_ACTION}, {UNLOCK_ACTION}, {REMOVE_ACTION}, {INSERT_ACTION}, {REMOVE_ACTION}, {INSERT_ACTION}>>
"addToHist: cond is true"  <<{INSERT_ACTION}, {UNLOCK_ACTION}, {LOCK_ACTION}, {REMOVE_ACTION}, {INSERT_ACTION}, {REMOVE_ACTION}, {INSERT_ACTION}, {UNLOCK_ACTION}>>
"addToHist: cond is true"  <<{INSERT_ACTION}, {REMOVE_ACTION}, {INSERT_ACTION}, {UNLOCK_ACTION}, {REMOVE_ACTION}, {INSERT_ACTION}, {REMOVE_ACTION}, {LOCK_ACTION}>>
"addToHist: cond is true"  <<{INSERT_ACTION}, {REMOVE_ACTION}, {INSERT_ACTION}, {UNLOCK_ACTION}, {REMOVE_ACTION}, {INSERT_ACTION}, {REMOVE_ACTION}, {WAIT}>>
"addToHist: cond is true"  <<{INSERT_ACTION}, {UNLOCK_ACTION}, {LOCK_ACTION}, {REMOVE_ACTION}, {INSERT_ACTION}, {REMOVE_ACTION}, {INSERT_ACTION}, {UNLOCK_ACTION}>>
"addToHist: cond is true"  <<{INSERT_ACTION}, {REMOVE_ACTION}, {INSERT_ACTION}, {UNLOCK_ACTION}, {LOCK_ACTION}, {UNLOCK_ACTION}, {LOCK_ACTION}, {REMOVE_ACTION}>>
"addToHist: cond is true"  <<{INSERT_ACTION}, {UNLOCK_ACTION}, {LOCK_ACTION}, {REMOVE_ACTION}, {INSERT_ACTION}, {REMOVE_ACTION}, {INSERT_ACTION}, {WAIT}>>
"addToHist: cond is true"  <<{INSERT_ACTION}, {UNLOCK_ACTION}, {LOCK_ACTION}, {REMOVE_ACTION}, {INSERT_ACTION}, {UNLOCK_ACTION}, {LOCK_ACTION}, {REMOVE_ACTION}>>
"addToHist: cond is true"  <<{INSERT_ACTION}, {REMOVE_ACTION}, {INSERT_ACTION}, {UNLOCK_ACTION}, {LOCK_ACTION}, {UNLOCK_ACTION}, {LOCK_ACTION}, {WAIT}>>
"addToHist: cond is true"  <<{INSERT_ACTION}, {REMOVE_ACTION}, {INSERT_ACTION}, {REMOVE_ACTION}, {INSERT_ACTION}, {UNLOCK_ACTION}, {LOCK_ACTION}, {WAIT}>>
"addToHist: cond is true"  <<{INSERT_ACTION}, {UNLOCK_ACTION}, {LOCK_ACTION}, {REMOVE_ACTION}, {INSERT_ACTION}, {UNLOCK_ACTION}, {LOCK_ACTION}, {UNLOCK_ACTION}>>
"addToHist: cond is true"  <<{INSERT_ACTION}, {UNLOCK_ACTION}, {REMOVE_ACTION}, {INSERT_ACTION}, {LOCK_ACTION}, {UNLOCK_ACTION}, {WAIT}>>
"addToHist: cond is true"  <<{INSERT_ACTION}, {REMOVE_ACTION}, {INSERT_ACTION}, {UNLOCK_ACTION}, {REMOVE_ACTION}, {INSERT_ACTION}, {LOCK_ACTION}, {REMOVE_ACTION}>>
"addToHist: cond is true"  <<{INSERT_ACTION}, {UNLOCK_ACTION}, {LOCK_ACTION}, {UNLOCK_ACTION}, {REMOVE_ACTION}, {INSERT_ACTION}, {REMOVE_ACTION}, {INSERT_ACTION}>>
"addToHist: cond is true"  <<{INSERT_ACTION}, {UNLOCK_ACTION}, {REMOVE_ACTION}, {LOCK_ACTION}, {INSERT_ACTION}, {REMOVE_ACTION}, {INSERT_ACTION}>>
"addToHist: cond is true"  <<{INSERT_ACTION}, {REMOVE_ACTION}, {INSERT_ACTION}, {UNLOCK_ACTION}, {REMOVE_ACTION}, {INSERT_ACTION}, {LOCK_ACTION}, {UNLOCK_ACTION}>>
"addToHist: cond is true"  <<{INSERT_ACTION}, {UNLOCK_ACTION}, {LOCK_ACTION}, {REMOVE_ACTION}, {INSERT_ACTION}, {UNLOCK_ACTION}, {LOCK_ACTION}, {UNLOCK_ACTION}>>
"addToHist: cond is true"  <<{INSERT_ACTION}, {REMOVE_ACTION}, {INSERT_ACTION}, {UNLOCK_ACTION}, {REMOVE_ACTION}, {INSERT_ACTION}, {LOCK_ACTION}, {UNLOCK_ACTION}>>
"addToHist: cond is true"  <<{INSERT_ACTION}, {UNLOCK_ACTION}, {REMOVE_ACTION}, {LOCK_ACTION}, {INSERT_ACTION}, {REMOVE_ACTION}, {INSERT_ACTION}>>
"addToHist: cond is true"  <<{INSERT_ACTION}, {UNLOCK_ACTION}, {LOCK_ACTION}, {REMOVE_ACTION}, {INSERT_ACTION}, {UNLOCK_ACTION}, {LOCK_ACTION}, {WAIT}>>
"addToHist: cond is true"  <<{INSERT_ACTION}, {REMOVE_ACTION}, {INSERT_ACTION}, {UNLOCK_ACTION}, {REMOVE_ACTION}, {INSERT_ACTION}, {LOCK_ACTION}, {WAIT}>>
"addToHist: cond is true"  <<{INSERT_ACTION}, {UNLOCK_ACTION}, {REMOVE_ACTION}, {LOCK_ACTION}, {INSERT_ACTION}, {REMOVE_ACTION}, {WAIT}>>
"addToHist: cond is true"  <<{INSERT_ACTION}, {UNLOCK_ACTION}, {REMOVE_ACTION}, {LOCK_ACTION}, {INSERT_ACTION}, {UNLOCK_ACTION}, {REMOVE_ACTION}>>
"addToHist: cond is true"  <<{INSERT_ACTION}, {UNLOCK_ACTION}, {LOCK_ACTION}, {UNLOCK_ACTION}, {REMOVE_ACTION}, {INSERT_ACTION}, {LOCK_ACTION}, {REMOVE_ACTION}>>
"addToHist: cond is true"  <<{INSERT_ACTION}, {REMOVE_ACTION}, {INSERT_ACTION}, {UNLOCK_ACTION}, {REMOVE_ACTION}, {LOCK_ACTION}, {INSERT_ACTION}, {REMOVE_ACTION}>>
"addToHist: cond is true"  <<{INSERT_ACTION}, {UNLOCK_ACTION}, {REMOVE_ACTION}, {LOCK_ACTION}, {INSERT_ACTION}, {UNLOCK_ACTION}, {LOCK_ACTION}>>
"addToHist: cond is true"  <<{INSERT_ACTION}, {UNLOCK_ACTION}, {LOCK_ACTION}, {UNLOCK_ACTION}, {REMOVE_ACTION}, {INSERT_ACTION}, {LOCK_ACTION}, {UNLOCK_ACTION}>>
"addToHist: cond is true"  <<{INSERT_ACTION}, {UNLOCK_ACTION}, {LOCK_ACTION}, {UNLOCK_ACTION}, {REMOVE_ACTION}, {INSERT_ACTION}, {REMOVE_ACTION}, {INSERT_ACTION}>>
"addToHist: cond is true"  <<{INSERT_ACTION}, {REMOVE_ACTION}, {INSERT_ACTION}, {UNLOCK_ACTION}, {REMOVE_ACTION}, {LOCK_ACTION}, {INSERT_ACTION}, {UNLOCK_ACTION}>>
"addToHist: cond is true"  <<{INSERT_ACTION}, {UNLOCK_ACTION}, {REMOVE_ACTION}, {LOCK_ACTION}, {INSERT_ACTION}, {UNLOCK_ACTION}, {WAIT}>>
"addToHist: cond is true"  <<{INSERT_ACTION}, {UNLOCK_ACTION}, {REMOVE_ACTION}, {INSERT_ACTION}, {REMOVE_ACTION}, {INSERT_ACTION}, {REMOVE_ACTION}, {INSERT_ACTION}>>
"addToHist: cond is true"  <<{INSERT_ACTION}, {REMOVE_ACTION}, {INSERT_ACTION}, {UNLOCK_ACTION}, {REMOVE_ACTION}, {LOCK_ACTION}, {INSERT_ACTION}, {UNLOCK_ACTION}>>
"addToHist: cond is true"  <<{INSERT_ACTION}, {UNLOCK_ACTION}, {LOCK_ACTION}, {UNLOCK_ACTION}, {REMOVE_ACTION}, {INSERT_ACTION}, {LOCK_ACTION}, {UNLOCK_ACTION}>>
"addToHist: cond is true"  <<{INSERT_ACTION}, {UNLOCK_ACTION}, {REMOVE_ACTION}, {INSERT_ACTION}, {REMOVE_ACTION}, {INSERT_ACTION}, {REMOVE_ACTION}, {INSERT_ACTION}>>
"addToHist: cond is true"  <<{INSERT_ACTION}, {REMOVE_ACTION}, {INSERT_ACTION}, {UNLOCK_ACTION}, {REMOVE_ACTION}, {LOCK_ACTION}, {INSERT_ACTION}, {WAIT}>>
"addToHist: cond is true"  <<{INSERT_ACTION}, {UNLOCK_ACTION}, {REMOVE_ACTION}, {INSERT_ACTION}, {REMOVE_ACTION}, {INSERT_ACTION}, {REMOVE_ACTION}, {LOCK_ACTION}>>
"addToHist: cond is true"  <<{INSERT_ACTION}, {UNLOCK_ACTION}, {REMOVE_ACTION}, {INSERT_ACTION}, {LOCK_ACTION}, {REMOVE_ACTION}, {INSERT_ACTION}, {REMOVE_ACTION}>>
"addToHist: cond is true"  <<{INSERT_ACTION}, {UNLOCK_ACTION}, {LOCK_ACTION}, {UNLOCK_ACTION}, {REMOVE_ACTION}, {INSERT_ACTION}, {LOCK_ACTION}, {WAIT}>>
"addToHist: cond is true"  <<{INSERT_ACTION}, {UNLOCK_ACTION}, {REMOVE_ACTION}, {INSERT_ACTION}, {REMOVE_ACTION}, {INSERT_ACTION}, {REMOVE_ACTION}, {WAIT}>>
"addToHist: cond is true"  <<{INSERT_ACTION}, {UNLOCK_ACTION}, {REMOVE_ACTION}, {INSERT_ACTION}, {REMOVE_ACTION}, {LOCK_ACTION}, {INSERT_ACTION}, {REMOVE_ACTION}>>
"addToHist: cond is true"  <<{INSERT_ACTION}, {UNLOCK_ACTION}, {LOCK_ACTION}, {UNLOCK_ACTION}, {REMOVE_ACTION}, {LOCK_ACTION}, {INSERT_ACTION}, {REMOVE_ACTION}>>
"addToHist: cond is true"  <<{INSERT_ACTION}, {UNLOCK_ACTION}, {REMOVE_ACTION}, {INSERT_ACTION}, {LOCK_ACTION}, {REMOVE_ACTION}, {INSERT_ACTION}, {UNLOCK_ACTION}>>
"addToHist: cond is true"  <<{INSERT_ACTION}, {UNLOCK_ACTION}, {REMOVE_ACTION}, {INSERT_ACTION}, {LOCK_ACTION}, {REMOVE_ACTION}, {INSERT_ACTION}, {UNLOCK_ACTION}>>
"addToHist: cond is true"  <<{INSERT_ACTION}, {UNLOCK_ACTION}, {REMOVE_ACTION}, {INSERT_ACTION}, {LOCK_ACTION}, {REMOVE_ACTION}, {INSERT_ACTION}, {WAIT}>>
"addToHist: cond is true"  <<{INSERT_ACTION}, {UNLOCK_ACTION}, {REMOVE_ACTION}, {INSERT_ACTION}, {REMOVE_ACTION}, {INSERT_ACTION}, {LOCK_ACTION}, {REMOVE_ACTION}>>
"addToHist: cond is true"  <<{INSERT_ACTION}, {UNLOCK_ACTION}, {REMOVE_ACTION}, {INSERT_ACTION}, {REMOVE_ACTION}, {INSERT_ACTION}, {LOCK_ACTION}, {UNLOCK_ACTION}>>
"addToHist: cond is true"  <<{INSERT_ACTION}, {UNLOCK_ACTION}, {REMOVE_ACTION}, {INSERT_ACTION}, {REMOVE_ACTION}, {INSERT_ACTION}, {LOCK_ACTION}, {UNLOCK_ACTION}>>
"addToHist: cond is true"  <<{INSERT_ACTION}, {UNLOCK_ACTION}, {REMOVE_ACTION}, {INSERT_ACTION}, {REMOVE_ACTION}, {INSERT_ACTION}, {LOCK_ACTION}, {WAIT}>>
"addToHist: cond is true"  <<{INSERT_ACTION}, {UNLOCK_ACTION}, {LOCK_ACTION}, {UNLOCK_ACTION}, {LOCK_ACTION}, {REMOVE_ACTION}, {INSERT_ACTION}, {REMOVE_ACTION}>>
"addToHist: cond is true"  <<{INSERT_ACTION}, {UNLOCK_ACTION}, {LOCK_ACTION}, {UNLOCK_ACTION}, {LOCK_ACTION}, {REMOVE_ACTION}, {INSERT_ACTION}, {UNLOCK_ACTION}>>
"addToHist: cond is true"  <<{INSERT_ACTION}, {UNLOCK_ACTION}, {LOCK_ACTION}, {UNLOCK_ACTION}, {LOCK_ACTION}, {REMOVE_ACTION}, {INSERT_ACTION}, {UNLOCK_ACTION}>>
"addToHist: cond is true"  <<{INSERT_ACTION}, {UNLOCK_ACTION}, {LOCK_ACTION}, {UNLOCK_ACTION}, {LOCK_ACTION}, {REMOVE_ACTION}, {INSERT_ACTION}, {WAIT}>>
"addToHist: cond is true"  <<{INSERT_ACTION}, {UNLOCK_ACTION}, {REMOVE_ACTION}, {INSERT_ACTION}, {LOCK_ACTION}, {UNLOCK_ACTION}, {REMOVE_ACTION}, {INSERT_ACTION}>>
"addToHist: cond is true"  <<{INSERT_ACTION}, {UNLOCK_ACTION}, {REMOVE_ACTION}, {INSERT_ACTION}, {LOCK_ACTION}, {UNLOCK_ACTION}, {REMOVE_ACTION}, {INSERT_ACTION}>>
"addToHist: cond is true"  <<{INSERT_ACTION}, {UNLOCK_ACTION}, {REMOVE_ACTION}, {INSERT_ACTION}, {LOCK_ACTION}, {UNLOCK_ACTION}, {REMOVE_ACTION}, {LOCK_ACTION}>>
"addToHist: cond is true"  <<{INSERT_ACTION}, {UNLOCK_ACTION}, {LOCK_ACTION}, {UNLOCK_ACTION}, {REMOVE_ACTION}, {LOCK_ACTION}, {INSERT_ACTION}, {UNLOCK_ACTION}>>
"addToHist: cond is true"  <<{INSERT_ACTION}, {UNLOCK_ACTION}, {REMOVE_ACTION}, {INSERT_ACTION}, {LOCK_ACTION}, {UNLOCK_ACTION}, {REMOVE_ACTION}, {WAIT}>>
"addToHist: cond is true"  <<{INSERT_ACTION}, {UNLOCK_ACTION}, {REMOVE_ACTION}, {INSERT_ACTION}, {LOCK_ACTION}, {UNLOCK_ACTION}, {LOCK_ACTION}, {REMOVE_ACTION}>>
"addToHist: cond is true"  <<{INSERT_ACTION}, {UNLOCK_ACTION}, {LOCK_ACTION}, {UNLOCK_ACTION}, {REMOVE_ACTION}, {LOCK_ACTION}, {INSERT_ACTION}, {UNLOCK_ACTION}>>
"addToHist: cond is true"  <<{INSERT_ACTION}, {UNLOCK_ACTION}, {REMOVE_ACTION}, {INSERT_ACTION}, {LOCK_ACTION}, {UNLOCK_ACTION}, {LOCK_ACTION}, {WAIT}>>
"addToHist: cond is true"  <<{INSERT_ACTION}, {UNLOCK_ACTION}, {REMOVE_ACTION}, {LOCK_ACTION}, {INSERT_ACTION}, {REMOVE_ACTION}, {INSERT_ACTION}, {REMOVE_ACTION}>>
"addToHist: cond is true"  <<{INSERT_ACTION}, {UNLOCK_ACTION}, {REMOVE_ACTION}, {LOCK_ACTION}, {INSERT_ACTION}, {REMOVE_ACTION}, {INSERT_ACTION}, {UNLOCK_ACTION}>>
"addToHist: cond is true"  <<{INSERT_ACTION}, {UNLOCK_ACTION}, {REMOVE_ACTION}, {LOCK_ACTION}, {INSERT_ACTION}, {REMOVE_ACTION}, {INSERT_ACTION}, {UNLOCK_ACTION}>>
"addToHist: cond is true"  <<{INSERT_ACTION}, {UNLOCK_ACTION}, {LOCK_ACTION}, {UNLOCK_ACTION}, {REMOVE_ACTION}, {INSERT_ACTION}, {REMOVE_ACTION}, {LOCK_ACTION}>>
"addToHist: cond is true"  <<{INSERT_ACTION}, {UNLOCK_ACTION}, {LOCK_ACTION}, {UNLOCK_ACTION}, {REMOVE_ACTION}, {LOCK_ACTION}, {INSERT_ACTION}, {WAIT}>>
"addToHist: cond is true"  <<{INSERT_ACTION}, {UNLOCK_ACTION}, {REMOVE_ACTION}, {LOCK_ACTION}, {INSERT_ACTION}, {UNLOCK_ACTION}, {REMOVE_ACTION}, {INSERT_ACTION}>>
"addToHist: cond is true"  <<{INSERT_ACTION}, {UNLOCK_ACTION}, {REMOVE_ACTION}, {INSERT_ACTION}, {REMOVE_ACTION}, {LOCK_ACTION}, {INSERT_ACTION}, {UNLOCK_ACTION}>>
"addToHist: cond is true"  <<{INSERT_ACTION}, {UNLOCK_ACTION}, {REMOVE_ACTION}, {LOCK_ACTION}, {INSERT_ACTION}, {UNLOCK_ACTION}, {REMOVE_ACTION}, {INSERT_ACTION}>>
"addToHist: cond is true"  <<{INSERT_ACTION}, {UNLOCK_ACTION}, {REMOVE_ACTION}, {INSERT_ACTION}, {REMOVE_ACTION}, {LOCK_ACTION}, {INSERT_ACTION}, {UNLOCK_ACTION}>>
"addToHist: cond is true"  <<{INSERT_ACTION}, {UNLOCK_ACTION}, {REMOVE_ACTION}, {LOCK_ACTION}, {INSERT_ACTION}, {UNLOCK_ACTION}, {REMOVE_ACTION}, {LOCK_ACTION}>>
"addToHist: cond is true"  <<{INSERT_ACTION}, {UNLOCK_ACTION}, {REMOVE_ACTION}, {INSERT_ACTION}, {REMOVE_ACTION}, {LOCK_ACTION}, {INSERT_ACTION}, {WAIT}>>
"addToHist: cond is true"  <<{INSERT_ACTION}, {UNLOCK_ACTION}, {REMOVE_ACTION}, {LOCK_ACTION}, {INSERT_ACTION}, {UNLOCK_ACTION}, {REMOVE_ACTION}, {WAIT}>>
"addToHist: cond is true"  <<{INSERT_ACTION}, {UNLOCK_ACTION}, {REMOVE_ACTION}, {LOCK_ACTION}, {INSERT_ACTION}, {REMOVE_ACTION}, {INSERT_ACTION}, {WAIT}>>
"addToHist: cond is true"  <<{INSERT_ACTION}, {UNLOCK_ACTION}, {REMOVE_ACTION}, {LOCK_ACTION}, {INSERT_ACTION}, {UNLOCK_ACTION}, {LOCK_ACTION}, {REMOVE_ACTION}>>
"addToHist: cond is true"  <<{INSERT_ACTION}, {UNLOCK_ACTION}, {REMOVE_ACTION}, {LOCK_ACTION}, {INSERT_ACTION}, {UNLOCK_ACTION}, {LOCK_ACTION}, {UNLOCK_ACTION}>>
"addToHist: cond is true"  <<{INSERT_ACTION}, {UNLOCK_ACTION}, {LOCK_ACTION}, {UNLOCK_ACTION}, {REMOVE_ACTION}, {INSERT_ACTION}, {REMOVE_ACTION}, {WAIT}>>
"addToHist: cond is true"  <<{INSERT_ACTION}, {UNLOCK_ACTION}, {REMOVE_ACTION}, {LOCK_ACTION}, {INSERT_ACTION}, {UNLOCK_ACTION}, {LOCK_ACTION}, {UNLOCK_ACTION}>>
"addToHist: cond is true"  <<{INSERT_ACTION}, {UNLOCK_ACTION}, {REMOVE_ACTION}, {LOCK_ACTION}, {INSERT_ACTION}, {UNLOCK_ACTION}, {LOCK_ACTION}, {WAIT}>>
@!@!@STARTMSG 2193:0 @!@!@
Model checking completed. No error has been found.
  Estimates of the probability that TLC did not check all reachable states
  because two distinct states had the same fingerprint:
  calculated (optimistic):  val = 1.7E-16
@!@!@ENDMSG 2193 @!@!@
@!@!@STARTMSG 2201:0 @!@!@
The coverage statistics at 2021-10-04 20:18:55
@!@!@ENDMSG 2201 @!@!@
@!@!@STARTMSG 2773:0 @!@!@
<Init line 98, col 1 to line 98, col 4 of module TokeneerII>: 1:1
@!@!@ENDMSG 2773 @!@!@
@!@!@STARTMSG 2221:0 @!@!@
  line 99, col 5 to line 106, col 16 of module TokeneerII: 1
@!@!@ENDMSG 2221 @!@!@
@!@!@STARTMSG 2772:0 @!@!@
<Next line 127, col 1 to line 127, col 4 of module TokeneerII>: 63:111
@!@!@ENDMSG 2772 @!@!@
@!@!@STARTMSG 2221:0 @!@!@
  line 127, col 9 to line 127, col 17 of module TokeneerII: 64
@!@!@ENDMSG 2221 @!@!@
@!@!@STARTMSG 2221:0 @!@!@
  line 62, col 9 to line 62, col 14 of module TokeneerII: 90
@!@!@ENDMSG 2221 @!@!@
@!@!@STARTMSG 2221:0 @!@!@
  |line 62, col 10 to line 62, col 14 of module TokeneerII: 64
@!@!@ENDMSG 2221 @!@!@
@!@!@STARTMSG 2221:0 @!@!@
  line 63, col 9 to line 63, col 19 of module TokeneerII: 26
@!@!@ENDMSG 2221 @!@!@
@!@!@STARTMSG 2221:0 @!@!@
  line 63, col 24 to line 63, col 43 of module TokeneerII: 26
@!@!@ENDMSG 2221 @!@!@
@!@!@STARTMSG 2221:0 @!@!@
  line 63, col 48 to line 63, col 79 of module TokeneerII: 26
@!@!@ENDMSG 2221 @!@!@
@!@!@STARTMSG 2221:0 @!@!@
  line 64, col 13 to line 64, col 38 of module TokeneerII: 26
@!@!@ENDMSG 2221 @!@!@
@!@!@STARTMSG 2221:0 @!@!@
  line 68, col 9 to line 69, col 56 of module TokeneerII: 38
@!@!@ENDMSG 2221 @!@!@
@!@!@STARTMSG 2221:0 @!@!@
  line 70, col 13 to line 70, col 51 of module TokeneerII: 38
@!@!@ENDMSG 2221 @!@!@
@!@!@STARTMSG 2221:0 @!@!@
  line 48, col 9 to line 48, col 23 of module TokeneerII: 23
@!@!@ENDMSG 2221 @!@!@
@!@!@STARTMSG 2221:0 @!@!@
  line 49, col 13 to line 49, col 37 of module TokeneerII: 23
@!@!@ENDMSG 2221 @!@!@
@!@!@STARTMSG 2221:0 @!@!@
  |line 49, col 13 to line 49, col 18 of module TokeneerII: 26
@!@!@ENDMSG 2221 @!@!@
@!@!@STARTMSG 2221:0 @!@!@
  |line 49, col 23 to line 49, col 37 of module TokeneerII: 26
@!@!@ENDMSG 2221 @!@!@
@!@!@STARTMSG 2221:0 @!@!@
  line 50, col 9 to line 50, col 21 of module TokeneerII: 23
@!@!@ENDMSG 2221 @!@!@
@!@!@STARTMSG 2221:0 @!@!@
  line 50, col 34 to line 50, col 63 of module TokeneerII: 23
@!@!@ENDMSG 2221 @!@!@
@!@!@STARTMSG 2221:0 @!@!@
  line 51, col 13 to line 51, col 50 of module TokeneerII: 23
@!@!@ENDMSG 2221 @!@!@
@!@!@STARTMSG 2221:0 @!@!@
  line 55, col 9 to line 55, col 15 of module TokeneerII: 88
@!@!@ENDMSG 2221 @!@!@
@!@!@STARTMSG 2221:0 @!@!@
  |line 55, col 10 to line 55, col 15 of module TokeneerII: 64
@!@!@ENDMSG 2221 @!@!@
@!@!@STARTMSG 2221:0 @!@!@
  line 56, col 9 to line 56, col 20 of module TokeneerII: 24
@!@!@ENDMSG 2221 @!@!@
@!@!@STARTMSG 2221:0 @!@!@
  line 56, col 25 to line 56, col 52 of module TokeneerII: 24
@!@!@ENDMSG 2221 @!@!@
@!@!@STARTMSG 2221:0 @!@!@
  line 57, col 13 to line 57, col 50 of module TokeneerII: 24
@!@!@ENDMSG 2221 @!@!@
@!@!@STARTMSG 2221:0 @!@!@
  line 121, col 14 to line 121, col 33 of module TokeneerII: 0
@!@!@ENDMSG 2221 @!@!@
@!@!@STARTMSG 2221:0 @!@!@
  line 121, col 38 to line 121, col 58 of module TokeneerII: 64
@!@!@ENDMSG 2221 @!@!@
@!@!@STARTMSG 2221:0 @!@!@
  line 123, col 65 to line 123, col 81 of module TokeneerII: 111
@!@!@ENDMSG 2221 @!@!@
@!@!@STARTMSG 2774:0 @!@!@
<TypeCheck line 89, col 1 to line 89, col 9 of module TokeneerII>
@!@!@ENDMSG 2774 @!@!@
@!@!@STARTMSG 2221:0 @!@!@
  line 90, col 6 to line 96, col 35 of module TokeneerII: 112
@!@!@ENDMSG 2221 @!@!@
@!@!@STARTMSG 2778:0 @!@!@
<constr_163340393271111000 line 15, col 1 to line 15, col 25 of module MC>: 64:112
@!@!@ENDMSG 2778 @!@!@
@!@!@STARTMSG 2221:0 @!@!@
  line 16, col 1 to line 16, col 17 of module MC: 112
@!@!@ENDMSG 2221 @!@!@
@!@!@STARTMSG 2202:0 @!@!@
End of statistics.
@!@!@ENDMSG 2202 @!@!@
@!@!@STARTMSG 2200:0 @!@!@
Progress(8) at 2021-10-04 20:18:55: 112 states generated (3,906 s/min), 64 distinct states found (2,232 ds/min), 0 states left on queue.
@!@!@ENDMSG 2200 @!@!@
@!@!@STARTMSG 2199:0 @!@!@
112 states generated, 64 distinct states found, 0 states left on queue.
@!@!@ENDMSG 2199 @!@!@
@!@!@STARTMSG 2194:0 @!@!@
The depth of the complete state graph search is 8.
@!@!@ENDMSG 2194 @!@!@
@!@!@STARTMSG 2268:0 @!@!@
The average outdegree of the complete state graph is 1 (minimum is 0, the maximum 2 and the 95th percentile is 2).
@!@!@ENDMSG 2268 @!@!@
@!@!@STARTMSG 2186:0 @!@!@
Finished in 1730ms at (2021-10-04 20:18:55)
@!@!@ENDMSG 2186 @!@!@
