@!@!@STARTMSG 2262:0 @!@!@
TLC2 Version 2.16 of Day Month 20?? (rev: c824a8a)
@!@!@ENDMSG 2262 @!@!@
@!@!@STARTMSG 2187:0 @!@!@
Running breadth-first search Model-Checking with fp 61 and seed -1068743836237619298 with 4 workers on 8 cores with 2407MB heap and 5414MB offheap memory [pid: 37968] (Windows 10 10.0 amd64, AdoptOpenJDK 14.0.1 x86_64, OffHeapDiskFPSet, DiskStateQueue).
@!@!@ENDMSG 2187 @!@!@
@!@!@STARTMSG 2220:0 @!@!@
Starting SANY...
@!@!@ENDMSG 2220 @!@!@
Parsing file C:\Users\snedunu\Documents\Projects\FM\model_refinement_LDRD_21_24\fromZip\Tokeneer\specs\Tokeneer.toolbox\Model_III\MC.tla
Parsing file C:\Users\snedunu\Documents\Projects\FM\model_refinement_LDRD_21_24\fromZip\Tokeneer\specs\Tokeneer.toolbox\Model_III\Tokeneer.tla
Parsing file C:\ProgramFiles\TLA-1.8.0\toolbox\plugins\org.lamport.tlatools_1.0.0.202109030417\tla2sany\StandardModules\TLC.tla
Parsing file C:\Users\snedunu\Documents\Projects\FM\model_refinement_LDRD_21_24\fromZip\Tokeneer\specs\Tokeneer.toolbox\Model_III\TokeneerIII.tla
Parsing file C:\ProgramFiles\TLA-1.8.0\toolbox\plugins\org.lamport.tlatools_1.0.0.202109030417\tla2sany\StandardModules\Naturals.tla
Parsing file C:\ProgramFiles\TLA-1.8.0\toolbox\plugins\org.lamport.tlatools_1.0.0.202109030417\tla2sany\StandardModules\Sequences.tla
Parsing file C:\ProgramFiles\TLA-1.8.0\toolbox\plugins\org.lamport.tlatools_1.0.0.202109030417\tla2sany\StandardModules\FiniteSets.tla
Semantic processing of module Naturals
Semantic processing of module Sequences
Semantic processing of module FiniteSets
Semantic processing of module TLC
Semantic processing of module TokeneerIII
Semantic processing of module Tokeneer
Semantic processing of module MC
@!@!@STARTMSG 2219:0 @!@!@
SANY finished.
@!@!@ENDMSG 2219 @!@!@
@!@!@STARTMSG 2185:0 @!@!@
Starting... (2021-10-06 09:28:24)
@!@!@ENDMSG 2185 @!@!@
<<"$!@$!@$!@$!@$!", {"A", "B"}>>
@!@!@STARTMSG 2189:0 @!@!@
Computing initial states...
@!@!@ENDMSG 2189 @!@!@
@!@!@STARTMSG 2190:0 @!@!@
Finished computing initial states: 1 distinct state generated at 2021-10-06 09:28:24.
@!@!@ENDMSG 2190 @!@!@
"addToHist: cond is true"  <<{INSERT_ACTION}>>
"addToHist: cond is true"  <<{WAIT}>>
"addToHist: cond is true"  <<{INSERT_ACTION}, {REMOVE_ACTION}>>
"addToHist: cond is true"  <<{INSERT_ACTION}, {UNLOCK_ACTION}>>
"addToHist: cond is true"  <<{INSERT_ACTION}, {REMOVE_ACTION}, {INSERT_ACTION}>>
"addToHist: cond is true"  <<{INSERT_ACTION}, {WAIT}>>
"addToHist: cond is true"  <<{INSERT_ACTION}, {UNLOCK_ACTION}, {REMOVE_ACTION}>>
"addToHist: cond is true"  <<{INSERT_ACTION}, {REMOVE_ACTION}, {INSERT_ACTION}, {REMOVE_ACTION}>>
"addToHist: cond is true"  <<{INSERT_ACTION}, {REMOVE_ACTION}, {WAIT}>>
"addToHist: cond is true"  <<{INSERT_ACTION}, {REMOVE_ACTION}, {INSERT_ACTION}, {REMOVE_ACTION}, {INSERT_ACTION}>>
"addToHist: cond is true"  <<{INSERT_ACTION}, {REMOVE_ACTION}, {INSERT_ACTION}, {UNLOCK_ACTION}>>
"addToHist: cond is true"  <<{INSERT_ACTION}, {UNLOCK_ACTION}, {LOCK_ACTION}>>
"addToHist: cond is true"  <<{INSERT_ACTION}, {UNLOCK_ACTION}, {REMOVE_ACTION}, {INSERT_ACTION}>>
"addToHist: cond is true"  <<{INSERT_ACTION}, {REMOVE_ACTION}, {INSERT_ACTION}, {WAIT}>>
"addToHist: cond is true"  <<{INSERT_ACTION}, {UNLOCK_ACTION}, {WAIT}>>
"addToHist: cond is true"  <<{INSERT_ACTION}, {UNLOCK_ACTION}, {REMOVE_ACTION}, {LOCK_ACTION}>>
"addToHist: cond is true"  <<{INSERT_ACTION}, {REMOVE_ACTION}, {INSERT_ACTION}, {UNLOCK_ACTION}, {REMOVE_ACTION}>>
"addToHist: cond is true"  <<{INSERT_ACTION}, {UNLOCK_ACTION}, {LOCK_ACTION}, {REMOVE_ACTION}>>
"addToHist: cond is true"  <<{INSERT_ACTION}, {REMOVE_ACTION}, {INSERT_ACTION}, {REMOVE_ACTION}, {WAIT}>>
"addToHist: cond is true"  <<{INSERT_ACTION}, {UNLOCK_ACTION}, {REMOVE_ACTION}, {WAIT}>>
"addToHist: cond is true"  <<{INSERT_ACTION}, {UNLOCK_ACTION}, {REMOVE_ACTION}, {INSERT_ACTION}, {REMOVE_ACTION}>>
"addToHist: cond is true"  <<{INSERT_ACTION}, {REMOVE_ACTION}, {INSERT_ACTION}, {UNLOCK_ACTION}, {LOCK_ACTION}>>
"addToHist: cond is true"  <<{INSERT_ACTION}, {UNLOCK_ACTION}, {LOCK_ACTION}, {UNLOCK_ACTION}>>
"addToHist: cond is true"  <<{INSERT_ACTION}, {REMOVE_ACTION}, {INSERT_ACTION}, {REMOVE_ACTION}, {INSERT_ACTION}, {REMOVE_ACTION}>>
"addToHist: cond is true"  <<{INSERT_ACTION}, {REMOVE_ACTION}, {INSERT_ACTION}, {UNLOCK_ACTION}, {WAIT}>>
"addToHist: cond is true"  <<{INSERT_ACTION}, {REMOVE_ACTION}, {INSERT_ACTION}, {REMOVE_ACTION}, {INSERT_ACTION}, {UNLOCK_ACTION}>>
"addToHist: cond is true"  <<{INSERT_ACTION}, {UNLOCK_ACTION}, {REMOVE_ACTION}, {INSERT_ACTION}, {LOCK_ACTION}>>
"addToHist: cond is true"  <<{INSERT_ACTION}, {UNLOCK_ACTION}, {LOCK_ACTION}, {WAIT}>>
"addToHist: cond is true"  <<{INSERT_ACTION}, {UNLOCK_ACTION}, {REMOVE_ACTION}, {LOCK_ACTION}, {INSERT_ACTION}>>
"addToHist: cond is true"  <<{INSERT_ACTION}, {REMOVE_ACTION}, {INSERT_ACTION}, {UNLOCK_ACTION}, {REMOVE_ACTION}, {INSERT_ACTION}>>
"addToHist: cond is true"  <<{INSERT_ACTION}, {REMOVE_ACTION}, {INSERT_ACTION}, {REMOVE_ACTION}, {INSERT_ACTION}, {WAIT}>>
"addToHist: cond is true"  <<{INSERT_ACTION}, {UNLOCK_ACTION}, {LOCK_ACTION}, {REMOVE_ACTION}, {INSERT_ACTION}>>
"addToHist: cond is true"  <<{INSERT_ACTION}, {UNLOCK_ACTION}, {REMOVE_ACTION}, {INSERT_ACTION}, {WAIT}>>
"addToHist: cond is true"  <<{INSERT_ACTION}, {UNLOCK_ACTION}, {REMOVE_ACTION}, {LOCK_ACTION}, {WAIT}>>
"addToHist: cond is true"  <<{INSERT_ACTION}, {REMOVE_ACTION}, {INSERT_ACTION}, {UNLOCK_ACTION}, {REMOVE_ACTION}, {LOCK_ACTION}>>
"addToHist: cond is true"  <<{INSERT_ACTION}, {REMOVE_ACTION}, {INSERT_ACTION}, {REMOVE_ACTION}, {INSERT_ACTION}, {REMOVE_ACTION}, {INSERT_ACTION}>>
"addToHist: cond is true"  <<{INSERT_ACTION}, {REMOVE_ACTION}, {INSERT_ACTION}, {UNLOCK_ACTION}, {LOCK_ACTION}, {REMOVE_ACTION}>>
"addToHist: cond is true"  <<{INSERT_ACTION}, {UNLOCK_ACTION}, {LOCK_ACTION}, {REMOVE_ACTION}, {WAIT}>>
"addToHist: cond is true"  <<{INSERT_ACTION}, {REMOVE_ACTION}, {INSERT_ACTION}, {UNLOCK_ACTION}, {REMOVE_ACTION}, {WAIT}>>
"addToHist: cond is true"  <<{INSERT_ACTION}, {UNLOCK_ACTION}, {REMOVE_ACTION}, {INSERT_ACTION}, {REMOVE_ACTION}, {INSERT_ACTION}>>
"addToHist: cond is true"  <<{INSERT_ACTION}, {REMOVE_ACTION}, {INSERT_ACTION}, {REMOVE_ACTION}, {INSERT_ACTION}, {REMOVE_ACTION}, {WAIT}>>
"addToHist: cond is true"  <<{INSERT_ACTION}, {UNLOCK_ACTION}, {LOCK_ACTION}, {UNLOCK_ACTION}, {REMOVE_ACTION}>>
"addToHist: cond is true"  <<{INSERT_ACTION}, {REMOVE_ACTION}, {INSERT_ACTION}, {UNLOCK_ACTION}, {LOCK_ACTION}, {UNLOCK_ACTION}>>
"addToHist: cond is true"  <<{INSERT_ACTION}, {REMOVE_ACTION}, {INSERT_ACTION}, {REMOVE_ACTION}, {INSERT_ACTION}, {UNLOCK_ACTION}, {REMOVE_ACTION}>>
"addToHist: cond is true"  <<{INSERT_ACTION}, {UNLOCK_ACTION}, {LOCK_ACTION}, {UNLOCK_ACTION}, {LOCK_ACTION}>>
"addToHist: cond is true"  <<{INSERT_ACTION}, {REMOVE_ACTION}, {INSERT_ACTION}, {REMOVE_ACTION}, {INSERT_ACTION}, {UNLOCK_ACTION}, {LOCK_ACTION}>>
"addToHist: cond is true"  <<{INSERT_ACTION}, {UNLOCK_ACTION}, {REMOVE_ACTION}, {INSERT_ACTION}, {REMOVE_ACTION}, {LOCK_ACTION}>>
"addToHist: cond is true"  <<{INSERT_ACTION}, {UNLOCK_ACTION}, {LOCK_ACTION}, {UNLOCK_ACTION}, {WAIT}>>
"addToHist: cond is true"  <<{INSERT_ACTION}, {REMOVE_ACTION}, {INSERT_ACTION}, {UNLOCK_ACTION}, {LOCK_ACTION}, {WAIT}>>
"addToHist: cond is true"  <<{INSERT_ACTION}, {REMOVE_ACTION}, {INSERT_ACTION}, {REMOVE_ACTION}, {INSERT_ACTION}, {UNLOCK_ACTION}, {WAIT}>>
"addToHist: cond is true"  <<{INSERT_ACTION}, {UNLOCK_ACTION}, {REMOVE_ACTION}, {INSERT_ACTION}, {LOCK_ACTION}, {REMOVE_ACTION}>>
"addToHist: cond is true"  <<{INSERT_ACTION}, {REMOVE_ACTION}, {INSERT_ACTION}, {UNLOCK_ACTION}, {REMOVE_ACTION}, {INSERT_ACTION}, {REMOVE_ACTION}>>
"addToHist: cond is true"  <<{INSERT_ACTION}, {UNLOCK_ACTION}, {REMOVE_ACTION}, {LOCK_ACTION}, {INSERT_ACTION}, {REMOVE_ACTION}>>
"addToHist: cond is true"  <<{INSERT_ACTION}, {UNLOCK_ACTION}, {REMOVE_ACTION}, {INSERT_ACTION}, {REMOVE_ACTION}, {WAIT}>>
"addToHist: cond is true"  <<{INSERT_ACTION}, {UNLOCK_ACTION}, {LOCK_ACTION}, {REMOVE_ACTION}, {INSERT_ACTION}, {REMOVE_ACTION}>>
"addToHist: cond is true"  <<{INSERT_ACTION}, {UNLOCK_ACTION}, {REMOVE_ACTION}, {INSERT_ACTION}, {LOCK_ACTION}, {UNLOCK_ACTION}>>
"addToHist: cond is true"  <<{INSERT_ACTION}, {REMOVE_ACTION}, {INSERT_ACTION}, {UNLOCK_ACTION}, {REMOVE_ACTION}, {INSERT_ACTION}, {LOCK_ACTION}>>
"addToHist: cond is true"  <<{INSERT_ACTION}, {UNLOCK_ACTION}, {LOCK_ACTION}, {REMOVE_ACTION}, {INSERT_ACTION}, {UNLOCK_ACTION}>>
"addToHist: cond is true"  <<{INSERT_ACTION}, {UNLOCK_ACTION}, {REMOVE_ACTION}, {INSERT_ACTION}, {LOCK_ACTION}, {WAIT}>>
"addToHist: cond is true"  <<{INSERT_ACTION}, {REMOVE_ACTION}, {INSERT_ACTION}, {UNLOCK_ACTION}, {REMOVE_ACTION}, {INSERT_ACTION}, {WAIT}>>
"addToHist: cond is true"  <<{INSERT_ACTION}, {REMOVE_ACTION}, {INSERT_ACTION}, {UNLOCK_ACTION}, {REMOVE_ACTION}, {LOCK_ACTION}, {INSERT_ACTION}>>
"addToHist: cond is true"  <<{INSERT_ACTION}, {REMOVE_ACTION}, {INSERT_ACTION}, {REMOVE_ACTION}, {INSERT_ACTION}, {REMOVE_ACTION}, {INSERT_ACTION}, {REMOVE_ACTION}>>
"addToHist: cond is true"  <<{INSERT_ACTION}, {UNLOCK_ACTION}, {LOCK_ACTION}, {REMOVE_ACTION}, {INSERT_ACTION}, {WAIT}>>
"addToHist: cond is true"  <<{INSERT_ACTION}, {REMOVE_ACTION}, {INSERT_ACTION}, {UNLOCK_ACTION}, {LOCK_ACTION}, {REMOVE_ACTION}, {INSERT_ACTION}>>
"addToHist: cond is true"  <<{INSERT_ACTION}, {REMOVE_ACTION}, {INSERT_ACTION}, {UNLOCK_ACTION}, {REMOVE_ACTION}, {LOCK_ACTION}, {WAIT}>>
"addToHist: cond is true"  <<{INSERT_ACTION}, {REMOVE_ACTION}, {INSERT_ACTION}, {REMOVE_ACTION}, {INSERT_ACTION}, {REMOVE_ACTION}, {INSERT_ACTION}, {UNLOCK_ACTION}>>
"addToHist: cond is true"  <<{INSERT_ACTION}, {UNLOCK_ACTION}, {REMOVE_ACTION}, {INSERT_ACTION}, {REMOVE_ACTION}, {INSERT_ACTION}, {REMOVE_ACTION}>>
"addToHist: cond is true"  <<{INSERT_ACTION}, {REMOVE_ACTION}, {INSERT_ACTION}, {UNLOCK_ACTION}, {LOCK_ACTION}, {REMOVE_ACTION}, {WAIT}>>
"addToHist: cond is true"  <<{INSERT_ACTION}, {REMOVE_ACTION}, {INSERT_ACTION}, {REMOVE_ACTION}, {INSERT_ACTION}, {REMOVE_ACTION}, {INSERT_ACTION}, {WAIT}>>
"addToHist: cond is true"  <<{INSERT_ACTION}, {UNLOCK_ACTION}, {LOCK_ACTION}, {UNLOCK_ACTION}, {REMOVE_ACTION}, {INSERT_ACTION}>>
"addToHist: cond is true"  <<{INSERT_ACTION}, {UNLOCK_ACTION}, {REMOVE_ACTION}, {LOCK_ACTION}, {INSERT_ACTION}, {UNLOCK_ACTION}>>
"addToHist: cond is true"  <<{INSERT_ACTION}, {REMOVE_ACTION}, {INSERT_ACTION}, {REMOVE_ACTION}, {INSERT_ACTION}, {UNLOCK_ACTION}, {REMOVE_ACTION}, {INSERT_ACTION}>>
"addToHist: cond is true"  <<{INSERT_ACTION}, {UNLOCK_ACTION}, {REMOVE_ACTION}, {INSERT_ACTION}, {REMOVE_ACTION}, {INSERT_ACTION}, {LOCK_ACTION}>>
"addToHist: cond is true"  <<{INSERT_ACTION}, {UNLOCK_ACTION}, {REMOVE_ACTION}, {INSERT_ACTION}, {REMOVE_ACTION}, {INSERT_ACTION}, {WAIT}>>
"addToHist: cond is true"  <<{INSERT_ACTION}, {UNLOCK_ACTION}, {REMOVE_ACTION}, {LOCK_ACTION}, {INSERT_ACTION}, {WAIT}>>
"addToHist: cond is true"  <<{INSERT_ACTION}, {REMOVE_ACTION}, {INSERT_ACTION}, {REMOVE_ACTION}, {INSERT_ACTION}, {UNLOCK_ACTION}, {REMOVE_ACTION}, {LOCK_ACTION}>>
"addToHist: cond is true"  <<{INSERT_ACTION}, {UNLOCK_ACTION}, {LOCK_ACTION}, {UNLOCK_ACTION}, {REMOVE_ACTION}, {LOCK_ACTION}>>
"addToHist: cond is true"  <<{INSERT_ACTION}, {REMOVE_ACTION}, {INSERT_ACTION}, {UNLOCK_ACTION}, {LOCK_ACTION}, {UNLOCK_ACTION}, {REMOVE_ACTION}>>
"addToHist: cond is true"  <<{INSERT_ACTION}, {UNLOCK_ACTION}, {LOCK_ACTION}, {UNLOCK_ACTION}, {LOCK_ACTION}, {REMOVE_ACTION}>>
"addToHist: cond is true"  <<{INSERT_ACTION}, {REMOVE_ACTION}, {INSERT_ACTION}, {REMOVE_ACTION}, {INSERT_ACTION}, {UNLOCK_ACTION}, {REMOVE_ACTION}, {WAIT}>>
"addToHist: cond is true"  <<{INSERT_ACTION}, {UNLOCK_ACTION}, {LOCK_ACTION}, {UNLOCK_ACTION}, {REMOVE_ACTION}, {WAIT}>>
"addToHist: cond is true"  <<{INSERT_ACTION}, {REMOVE_ACTION}, {INSERT_ACTION}, {UNLOCK_ACTION}, {LOCK_ACTION}, {UNLOCK_ACTION}, {LOCK_ACTION}>>
"addToHist: cond is true"  <<{INSERT_ACTION}, {REMOVE_ACTION}, {INSERT_ACTION}, {REMOVE_ACTION}, {INSERT_ACTION}, {UNLOCK_ACTION}, {LOCK_ACTION}, {REMOVE_ACTION}>>
"addToHist: cond is true"  <<{INSERT_ACTION}, {UNLOCK_ACTION}, {REMOVE_ACTION}, {INSERT_ACTION}, {REMOVE_ACTION}, {LOCK_ACTION}, {INSERT_ACTION}>>
"addToHist: cond is true"  <<{INSERT_ACTION}, {UNLOCK_ACTION}, {LOCK_ACTION}, {UNLOCK_ACTION}, {LOCK_ACTION}, {WAIT}>>
"addToHist: cond is true"  <<{INSERT_ACTION}, {UNLOCK_ACTION}, {REMOVE_ACTION}, {INSERT_ACTION}, {LOCK_ACTION}, {REMOVE_ACTION}, {INSERT_ACTION}>>
"addToHist: cond is true"  <<{INSERT_ACTION}, {REMOVE_ACTION}, {INSERT_ACTION}, {UNLOCK_ACTION}, {LOCK_ACTION}, {UNLOCK_ACTION}, {WAIT}>>
"addToHist: cond is true"  <<{INSERT_ACTION}, {REMOVE_ACTION}, {INSERT_ACTION}, {REMOVE_ACTION}, {INSERT_ACTION}, {UNLOCK_ACTION}, {LOCK_ACTION}, {UNLOCK_ACTION}>>
"addToHist: cond is true"  <<{INSERT_ACTION}, {REMOVE_ACTION}, {INSERT_ACTION}, {UNLOCK_ACTION}, {REMOVE_ACTION}, {INSERT_ACTION}, {REMOVE_ACTION}, {INSERT_ACTION}>>
"addToHist: cond is true"  <<{INSERT_ACTION}, {UNLOCK_ACTION}, {REMOVE_ACTION}, {INSERT_ACTION}, {REMOVE_ACTION}, {LOCK_ACTION}, {WAIT}>>
"addToHist: cond is true"  <<{INSERT_ACTION}, {UNLOCK_ACTION}, {LOCK_ACTION}, {REMOVE_ACTION}, {INSERT_ACTION}, {REMOVE_ACTION}, {INSERT_ACTION}>>
"addToHist: cond is true"  <<{INSERT_ACTION}, {UNLOCK_ACTION}, {REMOVE_ACTION}, {INSERT_ACTION}, {LOCK_ACTION}, {REMOVE_ACTION}, {WAIT}>>
"addToHist: cond is true"  <<{INSERT_ACTION}, {REMOVE_ACTION}, {INSERT_ACTION}, {REMOVE_ACTION}, {INSERT_ACTION}, {UNLOCK_ACTION}, {LOCK_ACTION}, {WAIT}>>
"addToHist: cond is true"  <<{INSERT_ACTION}, {REMOVE_ACTION}, {INSERT_ACTION}, {UNLOCK_ACTION}, {REMOVE_ACTION}, {INSERT_ACTION}, {REMOVE_ACTION}, {LOCK_ACTION}>>
"addToHist: cond is true"  <<{INSERT_ACTION}, {UNLOCK_ACTION}, {REMOVE_ACTION}, {INSERT_ACTION}, {LOCK_ACTION}, {UNLOCK_ACTION}, {REMOVE_ACTION}>>
"addToHist: cond is true"  <<{INSERT_ACTION}, {REMOVE_ACTION}, {INSERT_ACTION}, {UNLOCK_ACTION}, {REMOVE_ACTION}, {INSERT_ACTION}, {LOCK_ACTION}, {REMOVE_ACTION}>>
"addToHist: cond is true"  <<{INSERT_ACTION}, {REMOVE_ACTION}, {INSERT_ACTION}, {UNLOCK_ACTION}, {REMOVE_ACTION}, {INSERT_ACTION}, {REMOVE_ACTION}, {WAIT}>>
"addToHist: cond is true"  <<{INSERT_ACTION}, {UNLOCK_ACTION}, {LOCK_ACTION}, {REMOVE_ACTION}, {INSERT_ACTION}, {REMOVE_ACTION}, {WAIT}>>
"addToHist: cond is true"  <<{INSERT_ACTION}, {UNLOCK_ACTION}, {LOCK_ACTION}, {REMOVE_ACTION}, {INSERT_ACTION}, {UNLOCK_ACTION}, {REMOVE_ACTION}>>
"addToHist: cond is true"  <<{INSERT_ACTION}, {REMOVE_ACTION}, {INSERT_ACTION}, {UNLOCK_ACTION}, {REMOVE_ACTION}, {INSERT_ACTION}, {LOCK_ACTION}, {UNLOCK_ACTION}>>
"addToHist: cond is true"  <<{INSERT_ACTION}, {REMOVE_ACTION}, {INSERT_ACTION}, {UNLOCK_ACTION}, {REMOVE_ACTION}, {LOCK_ACTION}, {INSERT_ACTION}, {REMOVE_ACTION}>>
"addToHist: cond is true"  <<{INSERT_ACTION}, {UNLOCK_ACTION}, {REMOVE_ACTION}, {INSERT_ACTION}, {LOCK_ACTION}, {UNLOCK_ACTION}, {LOCK_ACTION}>>
"addToHist: cond is true"  <<{INSERT_ACTION}, {UNLOCK_ACTION}, {LOCK_ACTION}, {REMOVE_ACTION}, {INSERT_ACTION}, {UNLOCK_ACTION}, {LOCK_ACTION}>>
"addToHist: cond is true"  <<{INSERT_ACTION}, {REMOVE_ACTION}, {INSERT_ACTION}, {UNLOCK_ACTION}, {REMOVE_ACTION}, {INSERT_ACTION}, {LOCK_ACTION}, {WAIT}>>
"addToHist: cond is true"  <<{INSERT_ACTION}, {REMOVE_ACTION}, {INSERT_ACTION}, {UNLOCK_ACTION}, {REMOVE_ACTION}, {LOCK_ACTION}, {INSERT_ACTION}, {UNLOCK_ACTION}>>
"addToHist: cond is true"  <<{INSERT_ACTION}, {UNLOCK_ACTION}, {REMOVE_ACTION}, {INSERT_ACTION}, {LOCK_ACTION}, {UNLOCK_ACTION}, {WAIT}>>
"addToHist: cond is true"  <<{INSERT_ACTION}, {REMOVE_ACTION}, {INSERT_ACTION}, {REMOVE_ACTION}, {INSERT_ACTION}, {REMOVE_ACTION}, {INSERT_ACTION}, {REMOVE_ACTION}, {INSERT_ACTION}>>
"addToHist: cond is true"  <<{INSERT_ACTION}, {REMOVE_ACTION}, {INSERT_ACTION}, {UNLOCK_ACTION}, {LOCK_ACTION}, {REMOVE_ACTION}, {INSERT_ACTION}, {REMOVE_ACTION}>>
"addToHist: cond is true"  <<{INSERT_ACTION}, {UNLOCK_ACTION}, {LOCK_ACTION}, {REMOVE_ACTION}, {INSERT_ACTION}, {UNLOCK_ACTION}, {WAIT}>>
"addToHist: cond is true"  <<{INSERT_ACTION}, {REMOVE_ACTION}, {INSERT_ACTION}, {REMOVE_ACTION}, {INSERT_ACTION}, {REMOVE_ACTION}, {INSERT_ACTION}, {REMOVE_ACTION}, {WAIT}>>
"addToHist: cond is true"  <<{INSERT_ACTION}, {REMOVE_ACTION}, {INSERT_ACTION}, {UNLOCK_ACTION}, {REMOVE_ACTION}, {LOCK_ACTION}, {INSERT_ACTION}, {WAIT}>>
"addToHist: cond is true"  <<{INSERT_ACTION}, {REMOVE_ACTION}, {INSERT_ACTION}, {REMOVE_ACTION}, {INSERT_ACTION}, {REMOVE_ACTION}, {INSERT_ACTION}, {UNLOCK_ACTION}, {REMOVE_ACTION}>>
"addToHist: cond is true"  <<{INSERT_ACTION}, {REMOVE_ACTION}, {INSERT_ACTION}, {UNLOCK_ACTION}, {LOCK_ACTION}, {REMOVE_ACTION}, {INSERT_ACTION}, {UNLOCK_ACTION}>>
"addToHist: cond is true"  <<{INSERT_ACTION}, {UNLOCK_ACTION}, {REMOVE_ACTION}, {INSERT_ACTION}, {REMOVE_ACTION}, {INSERT_ACTION}, {REMOVE_ACTION}, {INSERT_ACTION}>>
"addToHist: cond is true"  <<{INSERT_ACTION}, {UNLOCK_ACTION}, {REMOVE_ACTION}, {LOCK_ACTION}, {INSERT_ACTION}, {REMOVE_ACTION}, {INSERT_ACTION}>>
"addToHist: cond is true"  <<{INSERT_ACTION}, {REMOVE_ACTION}, {INSERT_ACTION}, {REMOVE_ACTION}, {INSERT_ACTION}, {REMOVE_ACTION}, {INSERT_ACTION}, {UNLOCK_ACTION}, {LOCK_ACTION}>>
"addToHist: cond is true"  <<{INSERT_ACTION}, {REMOVE_ACTION}, {INSERT_ACTION}, {UNLOCK_ACTION}, {LOCK_ACTION}, {REMOVE_ACTION}, {INSERT_ACTION}, {WAIT}>>
"addToHist: cond is true"  <<{INSERT_ACTION}, {UNLOCK_ACTION}, {REMOVE_ACTION}, {INSERT_ACTION}, {REMOVE_ACTION}, {INSERT_ACTION}, {REMOVE_ACTION}, {LOCK_ACTION}>>
"addToHist: cond is true"  <<{INSERT_ACTION}, {UNLOCK_ACTION}, {REMOVE_ACTION}, {LOCK_ACTION}, {INSERT_ACTION}, {REMOVE_ACTION}, {WAIT}>>
"addToHist: cond is true"  <<{INSERT_ACTION}, {UNLOCK_ACTION}, {REMOVE_ACTION}, {LOCK_ACTION}, {INSERT_ACTION}, {UNLOCK_ACTION}, {REMOVE_ACTION}>>
"addToHist: cond is true"  <<{INSERT_ACTION}, {REMOVE_ACTION}, {INSERT_ACTION}, {REMOVE_ACTION}, {INSERT_ACTION}, {REMOVE_ACTION}, {INSERT_ACTION}, {UNLOCK_ACTION}, {WAIT}>>
"addToHist: cond is true"  <<{INSERT_ACTION}, {UNLOCK_ACTION}, {LOCK_ACTION}, {UNLOCK_ACTION}, {REMOVE_ACTION}, {INSERT_ACTION}, {REMOVE_ACTION}>>
"addToHist: cond is true"  <<{INSERT_ACTION}, {UNLOCK_ACTION}, {REMOVE_ACTION}, {INSERT_ACTION}, {REMOVE_ACTION}, {INSERT_ACTION}, {REMOVE_ACTION}, {WAIT}>>
"addToHist: cond is true"  <<{INSERT_ACTION}, {UNLOCK_ACTION}, {REMOVE_ACTION}, {INSERT_ACTION}, {REMOVE_ACTION}, {INSERT_ACTION}, {LOCK_ACTION}, {REMOVE_ACTION}>>
"addToHist: cond is true"  <<{INSERT_ACTION}, {UNLOCK_ACTION}, {REMOVE_ACTION}, {LOCK_ACTION}, {INSERT_ACTION}, {UNLOCK_ACTION}, {LOCK_ACTION}>>
"addToHist: cond is true"  <<{INSERT_ACTION}, {UNLOCK_ACTION}, {REMOVE_ACTION}, {INSERT_ACTION}, {REMOVE_ACTION}, {INSERT_ACTION}, {LOCK_ACTION}, {UNLOCK_ACTION}>>
"addToHist: cond is true"  <<{INSERT_ACTION}, {UNLOCK_ACTION}, {LOCK_ACTION}, {UNLOCK_ACTION}, {REMOVE_ACTION}, {INSERT_ACTION}, {LOCK_ACTION}>>
"addToHist: cond is true"  <<{INSERT_ACTION}, {REMOVE_ACTION}, {INSERT_ACTION}, {REMOVE_ACTION}, {INSERT_ACTION}, {UNLOCK_ACTION}, {REMOVE_ACTION}, {INSERT_ACTION}, {REMOVE_ACTION}>>
"addToHist: cond is true"  <<{INSERT_ACTION}, {REMOVE_ACTION}, {INSERT_ACTION}, {REMOVE_ACTION}, {INSERT_ACTION}, {UNLOCK_ACTION}, {REMOVE_ACTION}, {INSERT_ACTION}, {LOCK_ACTION}>>
"addToHist: cond is true"  <<{INSERT_ACTION}, {UNLOCK_ACTION}, {REMOVE_ACTION}, {LOCK_ACTION}, {INSERT_ACTION}, {UNLOCK_ACTION}, {WAIT}>>
"addToHist: cond is true"  <<{INSERT_ACTION}, {UNLOCK_ACTION}, {REMOVE_ACTION}, {INSERT_ACTION}, {REMOVE_ACTION}, {INSERT_ACTION}, {LOCK_ACTION}, {WAIT}>>
"addToHist: cond is true"  <<{INSERT_ACTION}, {UNLOCK_ACTION}, {LOCK_ACTION}, {UNLOCK_ACTION}, {REMOVE_ACTION}, {INSERT_ACTION}, {WAIT}>>
"addToHist: cond is true"  <<{INSERT_ACTION}, {REMOVE_ACTION}, {INSERT_ACTION}, {REMOVE_ACTION}, {INSERT_ACTION}, {UNLOCK_ACTION}, {REMOVE_ACTION}, {LOCK_ACTION}, {INSERT_ACTION}>>
"addToHist: cond is true"  <<{INSERT_ACTION}, {UNLOCK_ACTION}, {LOCK_ACTION}, {UNLOCK_ACTION}, {REMOVE_ACTION}, {LOCK_ACTION}, {INSERT_ACTION}>>
"addToHist: cond is true"  <<{INSERT_ACTION}, {REMOVE_ACTION}, {INSERT_ACTION}, {UNLOCK_ACTION}, {LOCK_ACTION}, {UNLOCK_ACTION}, {REMOVE_ACTION}, {INSERT_ACTION}>>
"addToHist: cond is true"  <<{INSERT_ACTION}, {REMOVE_ACTION}, {INSERT_ACTION}, {REMOVE_ACTION}, {INSERT_ACTION}, {UNLOCK_ACTION}, {REMOVE_ACTION}, {INSERT_ACTION}, {WAIT}>>
"addToHist: cond is true"  <<{INSERT_ACTION}, {UNLOCK_ACTION}, {LOCK_ACTION}, {UNLOCK_ACTION}, {LOCK_ACTION}, {REMOVE_ACTION}, {INSERT_ACTION}>>
"addToHist: cond is true"  <<{INSERT_ACTION}, {REMOVE_ACTION}, {INSERT_ACTION}, {REMOVE_ACTION}, {INSERT_ACTION}, {UNLOCK_ACTION}, {REMOVE_ACTION}, {LOCK_ACTION}, {WAIT}>>
"addToHist: cond is true"  <<{INSERT_ACTION}, {UNLOCK_ACTION}, {LOCK_ACTION}, {UNLOCK_ACTION}, {REMOVE_ACTION}, {LOCK_ACTION}, {WAIT}>>
"addToHist: cond is true"  <<{INSERT_ACTION}, {REMOVE_ACTION}, {INSERT_ACTION}, {UNLOCK_ACTION}, {LOCK_ACTION}, {UNLOCK_ACTION}, {REMOVE_ACTION}, {LOCK_ACTION}>>
"addToHist: cond is true"  <<{INSERT_ACTION}, {REMOVE_ACTION}, {INSERT_ACTION}, {UNLOCK_ACTION}, {LOCK_ACTION}, {UNLOCK_ACTION}, {LOCK_ACTION}, {REMOVE_ACTION}>>
"addToHist: cond is true"  <<{INSERT_ACTION}, {REMOVE_ACTION}, {INSERT_ACTION}, {REMOVE_ACTION}, {INSERT_ACTION}, {UNLOCK_ACTION}, {LOCK_ACTION}, {REMOVE_ACTION}, {INSERT_ACTION}>>
"addToHist: cond is true"  <<{INSERT_ACTION}, {UNLOCK_ACTION}, {LOCK_ACTION}, {UNLOCK_ACTION}, {LOCK_ACTION}, {REMOVE_ACTION}, {WAIT}>>
"addToHist: cond is true"  <<{INSERT_ACTION}, {REMOVE_ACTION}, {INSERT_ACTION}, {UNLOCK_ACTION}, {LOCK_ACTION}, {UNLOCK_ACTION}, {REMOVE_ACTION}, {WAIT}>>
"addToHist: cond is true"  <<{INSERT_ACTION}, {UNLOCK_ACTION}, {REMOVE_ACTION}, {INSERT_ACTION}, {REMOVE_ACTION}, {LOCK_ACTION}, {INSERT_ACTION}, {REMOVE_ACTION}>>
"addToHist: cond is true"  <<{INSERT_ACTION}, {REMOVE_ACTION}, {INSERT_ACTION}, {UNLOCK_ACTION}, {LOCK_ACTION}, {UNLOCK_ACTION}, {LOCK_ACTION}, {WAIT}>>
"addToHist: cond is true"  <<{INSERT_ACTION}, {UNLOCK_ACTION}, {REMOVE_ACTION}, {INSERT_ACTION}, {LOCK_ACTION}, {REMOVE_ACTION}, {INSERT_ACTION}, {REMOVE_ACTION}>>
"addToHist: cond is true"  <<{INSERT_ACTION}, {REMOVE_ACTION}, {INSERT_ACTION}, {REMOVE_ACTION}, {INSERT_ACTION}, {UNLOCK_ACTION}, {LOCK_ACTION}, {REMOVE_ACTION}, {WAIT}>>
"addToHist: cond is true"  <<{INSERT_ACTION}, {REMOVE_ACTION}, {INSERT_ACTION}, {REMOVE_ACTION}, {INSERT_ACTION}, {UNLOCK_ACTION}, {LOCK_ACTION}, {UNLOCK_ACTION}, {REMOVE_ACTION}>>
"addToHist: cond is true"  <<{INSERT_ACTION}, {UNLOCK_ACTION}, {REMOVE_ACTION}, {INSERT_ACTION}, {REMOVE_ACTION}, {LOCK_ACTION}, {INSERT_ACTION}, {UNLOCK_ACTION}>>
"addToHist: cond is true"  <<{INSERT_ACTION}, {REMOVE_ACTION}, {INSERT_ACTION}, {UNLOCK_ACTION}, {REMOVE_ACTION}, {INSERT_ACTION}, {REMOVE_ACTION}, {INSERT_ACTION}, {REMOVE_ACTION}>>
"addToHist: cond is true"  <<{INSERT_ACTION}, {UNLOCK_ACTION}, {REMOVE_ACTION}, {INSERT_ACTION}, {REMOVE_ACTION}, {LOCK_ACTION}, {INSERT_ACTION}, {WAIT}>>
"addToHist: cond is true"  <<{INSERT_ACTION}, {REMOVE_ACTION}, {INSERT_ACTION}, {REMOVE_ACTION}, {INSERT_ACTION}, {UNLOCK_ACTION}, {LOCK_ACTION}, {UNLOCK_ACTION}, {LOCK_ACTION}>>
"addToHist: cond is true"  <<{INSERT_ACTION}, {UNLOCK_ACTION}, {REMOVE_ACTION}, {INSERT_ACTION}, {LOCK_ACTION}, {REMOVE_ACTION}, {INSERT_ACTION}, {UNLOCK_ACTION}>>
"addToHist: cond is true"  <<{INSERT_ACTION}, {UNLOCK_ACTION}, {LOCK_ACTION}, {REMOVE_ACTION}, {INSERT_ACTION}, {REMOVE_ACTION}, {INSERT_ACTION}, {REMOVE_ACTION}>>
"addToHist: cond is true"  <<{INSERT_ACTION}, {REMOVE_ACTION}, {INSERT_ACTION}, {UNLOCK_ACTION}, {REMOVE_ACTION}, {INSERT_ACTION}, {REMOVE_ACTION}, {INSERT_ACTION}, {LOCK_ACTION}>>
"addToHist: cond is true"  <<{INSERT_ACTION}, {UNLOCK_ACTION}, {REMOVE_ACTION}, {INSERT_ACTION}, {LOCK_ACTION}, {REMOVE_ACTION}, {INSERT_ACTION}, {WAIT}>>
"addToHist: cond is true"  <<{INSERT_ACTION}, {REMOVE_ACTION}, {INSERT_ACTION}, {REMOVE_ACTION}, {INSERT_ACTION}, {UNLOCK_ACTION}, {LOCK_ACTION}, {UNLOCK_ACTION}, {WAIT}>>
"addToHist: cond is true"  <<{INSERT_ACTION}, {REMOVE_ACTION}, {INSERT_ACTION}, {UNLOCK_ACTION}, {REMOVE_ACTION}, {INSERT_ACTION}, {REMOVE_ACTION}, {LOCK_ACTION}, {INSERT_ACTION}>>
"addToHist: cond is true"  <<{INSERT_ACTION}, {UNLOCK_ACTION}, {LOCK_ACTION}, {REMOVE_ACTION}, {INSERT_ACTION}, {REMOVE_ACTION}, {INSERT_ACTION}, {UNLOCK_ACTION}>>
"addToHist: cond is true"  <<{INSERT_ACTION}, {REMOVE_ACTION}, {INSERT_ACTION}, {UNLOCK_ACTION}, {REMOVE_ACTION}, {INSERT_ACTION}, {REMOVE_ACTION}, {INSERT_ACTION}, {WAIT}>>
"addToHist: cond is true"  <<{INSERT_ACTION}, {UNLOCK_ACTION}, {REMOVE_ACTION}, {INSERT_ACTION}, {LOCK_ACTION}, {UNLOCK_ACTION}, {REMOVE_ACTION}, {INSERT_ACTION}>>
"addToHist: cond is true"  <<{INSERT_ACTION}, {REMOVE_ACTION}, {INSERT_ACTION}, {UNLOCK_ACTION}, {REMOVE_ACTION}, {INSERT_ACTION}, {REMOVE_ACTION}, {LOCK_ACTION}, {WAIT}>>
"addToHist: cond is true"  <<{INSERT_ACTION}, {REMOVE_ACTION}, {INSERT_ACTION}, {UNLOCK_ACTION}, {REMOVE_ACTION}, {INSERT_ACTION}, {LOCK_ACTION}, {REMOVE_ACTION}, {INSERT_ACTION}>>
"addToHist: cond is true"  <<{INSERT_ACTION}, {UNLOCK_ACTION}, {REMOVE_ACTION}, {INSERT_ACTION}, {LOCK_ACTION}, {UNLOCK_ACTION}, {REMOVE_ACTION}, {LOCK_ACTION}>>
"addToHist: cond is true"  <<{INSERT_ACTION}, {UNLOCK_ACTION}, {LOCK_ACTION}, {REMOVE_ACTION}, {INSERT_ACTION}, {UNLOCK_ACTION}, {REMOVE_ACTION}, {INSERT_ACTION}>>
"addToHist: cond is true"  <<{INSERT_ACTION}, {REMOVE_ACTION}, {INSERT_ACTION}, {UNLOCK_ACTION}, {REMOVE_ACTION}, {INSERT_ACTION}, {LOCK_ACTION}, {REMOVE_ACTION}, {WAIT}>>
"addToHist: cond is true"  <<{INSERT_ACTION}, {UNLOCK_ACTION}, {LOCK_ACTION}, {REMOVE_ACTION}, {INSERT_ACTION}, {REMOVE_ACTION}, {INSERT_ACTION}, {WAIT}>>
"addToHist: cond is true"  <<{INSERT_ACTION}, {UNLOCK_ACTION}, {REMOVE_ACTION}, {INSERT_ACTION}, {LOCK_ACTION}, {UNLOCK_ACTION}, {REMOVE_ACTION}, {WAIT}>>
"addToHist: cond is true"  <<{INSERT_ACTION}, {UNLOCK_ACTION}, {REMOVE_ACTION}, {INSERT_ACTION}, {LOCK_ACTION}, {UNLOCK_ACTION}, {LOCK_ACTION}, {REMOVE_ACTION}>>
"addToHist: cond is true"  <<{INSERT_ACTION}, {UNLOCK_ACTION}, {LOCK_ACTION}, {REMOVE_ACTION}, {INSERT_ACTION}, {UNLOCK_ACTION}, {REMOVE_ACTION}, {LOCK_ACTION}>>
"addToHist: cond is true"  <<{INSERT_ACTION}, {REMOVE_ACTION}, {INSERT_ACTION}, {UNLOCK_ACTION}, {REMOVE_ACTION}, {LOCK_ACTION}, {INSERT_ACTION}, {REMOVE_ACTION}, {INSERT_ACTION}>>
"addToHist: cond is true"  <<{INSERT_ACTION}, {REMOVE_ACTION}, {INSERT_ACTION}, {UNLOCK_ACTION}, {REMOVE_ACTION}, {INSERT_ACTION}, {LOCK_ACTION}, {UNLOCK_ACTION}, {REMOVE_ACTION}>>
"addToHist: cond is true"  <<{INSERT_ACTION}, {UNLOCK_ACTION}, {REMOVE_ACTION}, {INSERT_ACTION}, {LOCK_ACTION}, {UNLOCK_ACTION}, {LOCK_ACTION}, {WAIT}>>
"addToHist: cond is true"  <<{INSERT_ACTION}, {UNLOCK_ACTION}, {LOCK_ACTION}, {REMOVE_ACTION}, {INSERT_ACTION}, {UNLOCK_ACTION}, {REMOVE_ACTION}, {WAIT}>>
"addToHist: cond is true"  <<{INSERT_ACTION}, {REMOVE_ACTION}, {INSERT_ACTION}, {UNLOCK_ACTION}, {REMOVE_ACTION}, {INSERT_ACTION}, {LOCK_ACTION}, {UNLOCK_ACTION}, {LOCK_ACTION}>>
"addToHist: cond is true"  <<{INSERT_ACTION}, {REMOVE_ACTION}, {INSERT_ACTION}, {UNLOCK_ACTION}, {REMOVE_ACTION}, {LOCK_ACTION}, {INSERT_ACTION}, {UNLOCK_ACTION}, {REMOVE_ACTION}>>
"addToHist: cond is true"  <<{INSERT_ACTION}, {UNLOCK_ACTION}, {LOCK_ACTION}, {REMOVE_ACTION}, {INSERT_ACTION}, {UNLOCK_ACTION}, {LOCK_ACTION}, {REMOVE_ACTION}>>
"addToHist: cond is true"  <<{INSERT_ACTION}, {REMOVE_ACTION}, {INSERT_ACTION}, {UNLOCK_ACTION}, {REMOVE_ACTION}, {LOCK_ACTION}, {INSERT_ACTION}, {REMOVE_ACTION}, {WAIT}>>
"addToHist: cond is true"  <<{INSERT_ACTION}, {REMOVE_ACTION}, {INSERT_ACTION}, {UNLOCK_ACTION}, {REMOVE_ACTION}, {LOCK_ACTION}, {INSERT_ACTION}, {UNLOCK_ACTION}, {LOCK_ACTION}>>
"addToHist: cond is true"  <<{INSERT_ACTION}, {REMOVE_ACTION}, {INSERT_ACTION}, {UNLOCK_ACTION}, {REMOVE_ACTION}, {INSERT_ACTION}, {LOCK_ACTION}, {UNLOCK_ACTION}, {WAIT}>>
"addToHist: cond is true"  <<{INSERT_ACTION}, {REMOVE_ACTION}, {INSERT_ACTION}, {UNLOCK_ACTION}, {LOCK_ACTION}, {REMOVE_ACTION}, {INSERT_ACTION}, {REMOVE_ACTION}, {INSERT_ACTION}>>
"addToHist: cond is true"  <<{INSERT_ACTION}, {UNLOCK_ACTION}, {LOCK_ACTION}, {REMOVE_ACTION}, {INSERT_ACTION}, {UNLOCK_ACTION}, {LOCK_ACTION}, {UNLOCK_ACTION}>>
"addToHist: cond is true"  <<{INSERT_ACTION}, {REMOVE_ACTION}, {INSERT_ACTION}, {UNLOCK_ACTION}, {LOCK_ACTION}, {REMOVE_ACTION}, {INSERT_ACTION}, {UNLOCK_ACTION}, {REMOVE_ACTION}>>
"addToHist: cond is true"  <<{INSERT_ACTION}, {REMOVE_ACTION}, {INSERT_ACTION}, {UNLOCK_ACTION}, {REMOVE_ACTION}, {LOCK_ACTION}, {INSERT_ACTION}, {UNLOCK_ACTION}, {WAIT}>>
"addToHist: cond is true"  <<{INSERT_ACTION}, {REMOVE_ACTION}, {INSERT_ACTION}, {UNLOCK_ACTION}, {LOCK_ACTION}, {REMOVE_ACTION}, {INSERT_ACTION}, {REMOVE_ACTION}, {WAIT}>>
"addToHist: cond is true"  <<{INSERT_ACTION}, {UNLOCK_ACTION}, {LOCK_ACTION}, {REMOVE_ACTION}, {INSERT_ACTION}, {UNLOCK_ACTION}, {LOCK_ACTION}, {WAIT}>>
"addToHist: cond is true"  <<{INSERT_ACTION}, {REMOVE_ACTION}, {INSERT_ACTION}, {UNLOCK_ACTION}, {LOCK_ACTION}, {REMOVE_ACTION}, {INSERT_ACTION}, {UNLOCK_ACTION}, {LOCK_ACTION}>>
"addToHist: cond is true"  <<{INSERT_ACTION}, {UNLOCK_ACTION}, {REMOVE_ACTION}, {INSERT_ACTION}, {REMOVE_ACTION}, {INSERT_ACTION}, {REMOVE_ACTION}, {INSERT_ACTION}, {REMOVE_ACTION}>>
"addToHist: cond is true"  <<{INSERT_ACTION}, {UNLOCK_ACTION}, {REMOVE_ACTION}, {INSERT_ACTION}, {REMOVE_ACTION}, {INSERT_ACTION}, {REMOVE_ACTION}, {LOCK_ACTION}, {INSERT_ACTION}>>
"addToHist: cond is true"  <<{INSERT_ACTION}, {REMOVE_ACTION}, {INSERT_ACTION}, {UNLOCK_ACTION}, {LOCK_ACTION}, {REMOVE_ACTION}, {INSERT_ACTION}, {UNLOCK_ACTION}, {WAIT}>>
"addToHist: cond is true"  <<{INSERT_ACTION}, {UNLOCK_ACTION}, {REMOVE_ACTION}, {INSERT_ACTION}, {REMOVE_ACTION}, {INSERT_ACTION}, {REMOVE_ACTION}, {INSERT_ACTION}, {LOCK_ACTION}>>
"addToHist: cond is true"  <<{INSERT_ACTION}, {UNLOCK_ACTION}, {REMOVE_ACTION}, {INSERT_ACTION}, {REMOVE_ACTION}, {INSERT_ACTION}, {REMOVE_ACTION}, {LOCK_ACTION}, {WAIT}>>
"addToHist: cond is true"  <<{INSERT_ACTION}, {UNLOCK_ACTION}, {REMOVE_ACTION}, {LOCK_ACTION}, {INSERT_ACTION}, {REMOVE_ACTION}, {INSERT_ACTION}, {REMOVE_ACTION}>>
"addToHist: cond is true"  <<{INSERT_ACTION}, {UNLOCK_ACTION}, {REMOVE_ACTION}, {LOCK_ACTION}, {INSERT_ACTION}, {UNLOCK_ACTION}, {REMOVE_ACTION}, {INSERT_ACTION}>>
"addToHist: cond is true"  <<{INSERT_ACTION}, {UNLOCK_ACTION}, {LOCK_ACTION}, {UNLOCK_ACTION}, {REMOVE_ACTION}, {INSERT_ACTION}, {REMOVE_ACTION}, {INSERT_ACTION}>>
"addToHist: cond is true"  <<{INSERT_ACTION}, {UNLOCK_ACTION}, {REMOVE_ACTION}, {INSERT_ACTION}, {REMOVE_ACTION}, {INSERT_ACTION}, {REMOVE_ACTION}, {INSERT_ACTION}, {WAIT}>>
"addToHist: cond is true"  <<{INSERT_ACTION}, {UNLOCK_ACTION}, {REMOVE_ACTION}, {LOCK_ACTION}, {INSERT_ACTION}, {REMOVE_ACTION}, {INSERT_ACTION}, {UNLOCK_ACTION}>>
"addToHist: cond is true"  <<{INSERT_ACTION}, {UNLOCK_ACTION}, {LOCK_ACTION}, {UNLOCK_ACTION}, {REMOVE_ACTION}, {INSERT_ACTION}, {REMOVE_ACTION}, {LOCK_ACTION}>>
"addToHist: cond is true"  <<{INSERT_ACTION}, {UNLOCK_ACTION}, {REMOVE_ACTION}, {LOCK_ACTION}, {INSERT_ACTION}, {UNLOCK_ACTION}, {REMOVE_ACTION}, {LOCK_ACTION}>>
"addToHist: cond is true"  <<{INSERT_ACTION}, {UNLOCK_ACTION}, {REMOVE_ACTION}, {INSERT_ACTION}, {REMOVE_ACTION}, {INSERT_ACTION}, {LOCK_ACTION}, {REMOVE_ACTION}, {INSERT_ACTION}>>
"addToHist: cond is true"  <<{INSERT_ACTION}, {UNLOCK_ACTION}, {REMOVE_ACTION}, {LOCK_ACTION}, {INSERT_ACTION}, {REMOVE_ACTION}, {INSERT_ACTION}, {WAIT}>>
"addToHist: cond is true"  <<{INSERT_ACTION}, {UNLOCK_ACTION}, {LOCK_ACTION}, {UNLOCK_ACTION}, {REMOVE_ACTION}, {INSERT_ACTION}, {REMOVE_ACTION}, {WAIT}>>
"addToHist: cond is true"  <<{INSERT_ACTION}, {UNLOCK_ACTION}, {REMOVE_ACTION}, {LOCK_ACTION}, {INSERT_ACTION}, {UNLOCK_ACTION}, {LOCK_ACTION}, {REMOVE_ACTION}>>
"addToHist: cond is true"  <<{INSERT_ACTION}, {UNLOCK_ACTION}, {REMOVE_ACTION}, {INSERT_ACTION}, {REMOVE_ACTION}, {INSERT_ACTION}, {LOCK_ACTION}, {UNLOCK_ACTION}, {REMOVE_ACTION}>>
"addToHist: cond is true"  <<{INSERT_ACTION}, {UNLOCK_ACTION}, {REMOVE_ACTION}, {LOCK_ACTION}, {INSERT_ACTION}, {UNLOCK_ACTION}, {REMOVE_ACTION}, {WAIT}>>
"addToHist: cond is true"  <<{INSERT_ACTION}, {UNLOCK_ACTION}, {REMOVE_ACTION}, {LOCK_ACTION}, {INSERT_ACTION}, {UNLOCK_ACTION}, {LOCK_ACTION}, {UNLOCK_ACTION}>>
"addToHist: cond is true"  <<{INSERT_ACTION}, {UNLOCK_ACTION}, {REMOVE_ACTION}, {INSERT_ACTION}, {REMOVE_ACTION}, {INSERT_ACTION}, {LOCK_ACTION}, {REMOVE_ACTION}, {WAIT}>>
"addToHist: cond is true"  <<{INSERT_ACTION}, {UNLOCK_ACTION}, {LOCK_ACTION}, {UNLOCK_ACTION}, {REMOVE_ACTION}, {INSERT_ACTION}, {LOCK_ACTION}, {REMOVE_ACTION}>>
"addToHist: cond is true"  <<{INSERT_ACTION}, {UNLOCK_ACTION}, {REMOVE_ACTION}, {INSERT_ACTION}, {REMOVE_ACTION}, {INSERT_ACTION}, {LOCK_ACTION}, {UNLOCK_ACTION}, {LOCK_ACTION}>>
"addToHist: cond is true"  <<{INSERT_ACTION}, {UNLOCK_ACTION}, {REMOVE_ACTION}, {LOCK_ACTION}, {INSERT_ACTION}, {UNLOCK_ACTION}, {LOCK_ACTION}, {WAIT}>>
"addToHist: cond is true"  <<{INSERT_ACTION}, {UNLOCK_ACTION}, {LOCK_ACTION}, {UNLOCK_ACTION}, {REMOVE_ACTION}, {LOCK_ACTION}, {INSERT_ACTION}, {REMOVE_ACTION}>>
"addToHist: cond is true"  <<{INSERT_ACTION}, {REMOVE_ACTION}, {INSERT_ACTION}, {UNLOCK_ACTION}, {LOCK_ACTION}, {UNLOCK_ACTION}, {REMOVE_ACTION}, {INSERT_ACTION}, {REMOVE_ACTION}>>
"addToHist: cond is true"  <<{INSERT_ACTION}, {UNLOCK_ACTION}, {LOCK_ACTION}, {UNLOCK_ACTION}, {REMOVE_ACTION}, {INSERT_ACTION}, {LOCK_ACTION}, {UNLOCK_ACTION}>>
"addToHist: cond is true"  <<{INSERT_ACTION}, {UNLOCK_ACTION}, {REMOVE_ACTION}, {INSERT_ACTION}, {REMOVE_ACTION}, {INSERT_ACTION}, {LOCK_ACTION}, {UNLOCK_ACTION}, {WAIT}>>
"addToHist: cond is true"  <<{INSERT_ACTION}, {UNLOCK_ACTION}, {LOCK_ACTION}, {UNLOCK_ACTION}, {REMOVE_ACTION}, {LOCK_ACTION}, {INSERT_ACTION}, {UNLOCK_ACTION}>>
"addToHist: cond is true"  <<{INSERT_ACTION}, {REMOVE_ACTION}, {INSERT_ACTION}, {UNLOCK_ACTION}, {LOCK_ACTION}, {UNLOCK_ACTION}, {REMOVE_ACTION}, {INSERT_ACTION}, {LOCK_ACTION}>>
"addToHist: cond is true"  <<{INSERT_ACTION}, {UNLOCK_ACTION}, {LOCK_ACTION}, {UNLOCK_ACTION}, {LOCK_ACTION}, {REMOVE_ACTION}, {INSERT_ACTION}, {REMOVE_ACTION}>>
"addToHist: cond is true"  <<{INSERT_ACTION}, {UNLOCK_ACTION}, {LOCK_ACTION}, {UNLOCK_ACTION}, {REMOVE_ACTION}, {INSERT_ACTION}, {LOCK_ACTION}, {WAIT}>>
"addToHist: cond is true"  <<{INSERT_ACTION}, {REMOVE_ACTION}, {INSERT_ACTION}, {UNLOCK_ACTION}, {LOCK_ACTION}, {UNLOCK_ACTION}, {REMOVE_ACTION}, {LOCK_ACTION}, {INSERT_ACTION}>>
"addToHist: cond is true"  <<{INSERT_ACTION}, {UNLOCK_ACTION}, {LOCK_ACTION}, {UNLOCK_ACTION}, {LOCK_ACTION}, {REMOVE_ACTION}, {INSERT_ACTION}, {UNLOCK_ACTION}>>
"addToHist: cond is true"  <<{INSERT_ACTION}, {UNLOCK_ACTION}, {LOCK_ACTION}, {UNLOCK_ACTION}, {REMOVE_ACTION}, {LOCK_ACTION}, {INSERT_ACTION}, {WAIT}>>
"addToHist: cond is true"  <<{INSERT_ACTION}, {REMOVE_ACTION}, {INSERT_ACTION}, {UNLOCK_ACTION}, {LOCK_ACTION}, {UNLOCK_ACTION}, {REMOVE_ACTION}, {INSERT_ACTION}, {WAIT}>>
"addToHist: cond is true"  <<{INSERT_ACTION}, {REMOVE_ACTION}, {INSERT_ACTION}, {UNLOCK_ACTION}, {LOCK_ACTION}, {UNLOCK_ACTION}, {REMOVE_ACTION}, {LOCK_ACTION}, {WAIT}>>
"addToHist: cond is true"  <<{INSERT_ACTION}, {UNLOCK_ACTION}, {LOCK_ACTION}, {UNLOCK_ACTION}, {LOCK_ACTION}, {REMOVE_ACTION}, {INSERT_ACTION}, {WAIT}>>
"addToHist: cond is true"  <<{INSERT_ACTION}, {UNLOCK_ACTION}, {REMOVE_ACTION}, {INSERT_ACTION}, {REMOVE_ACTION}, {LOCK_ACTION}, {INSERT_ACTION}, {REMOVE_ACTION}, {INSERT_ACTION}>>
"addToHist: cond is true"  <<{INSERT_ACTION}, {UNLOCK_ACTION}, {REMOVE_ACTION}, {INSERT_ACTION}, {LOCK_ACTION}, {REMOVE_ACTION}, {INSERT_ACTION}, {REMOVE_ACTION}, {INSERT_ACTION}>>
"addToHist: cond is true"  <<{INSERT_ACTION}, {REMOVE_ACTION}, {INSERT_ACTION}, {UNLOCK_ACTION}, {LOCK_ACTION}, {UNLOCK_ACTION}, {LOCK_ACTION}, {REMOVE_ACTION}, {INSERT_ACTION}>>
"addToHist: cond is true"  <<{INSERT_ACTION}, {UNLOCK_ACTION}, {REMOVE_ACTION}, {INSERT_ACTION}, {REMOVE_ACTION}, {LOCK_ACTION}, {INSERT_ACTION}, {UNLOCK_ACTION}, {REMOVE_ACTION}>>
"addToHist: cond is true"  <<{INSERT_ACTION}, {UNLOCK_ACTION}, {REMOVE_ACTION}, {INSERT_ACTION}, {LOCK_ACTION}, {REMOVE_ACTION}, {INSERT_ACTION}, {REMOVE_ACTION}, {WAIT}>>
"addToHist: cond is true"  <<{INSERT_ACTION}, {UNLOCK_ACTION}, {REMOVE_ACTION}, {INSERT_ACTION}, {REMOVE_ACTION}, {LOCK_ACTION}, {INSERT_ACTION}, {UNLOCK_ACTION}, {LOCK_ACTION}>>
"addToHist: cond is true"  <<{INSERT_ACTION}, {UNLOCK_ACTION}, {REMOVE_ACTION}, {INSERT_ACTION}, {REMOVE_ACTION}, {LOCK_ACTION}, {INSERT_ACTION}, {REMOVE_ACTION}, {WAIT}>>
"addToHist: cond is true"  <<{INSERT_ACTION}, {REMOVE_ACTION}, {INSERT_ACTION}, {UNLOCK_ACTION}, {LOCK_ACTION}, {UNLOCK_ACTION}, {LOCK_ACTION}, {REMOVE_ACTION}, {WAIT}>>
"addToHist: cond is true"  <<{INSERT_ACTION}, {UNLOCK_ACTION}, {LOCK_ACTION}, {REMOVE_ACTION}, {INSERT_ACTION}, {REMOVE_ACTION}, {INSERT_ACTION}, {REMOVE_ACTION}, {INSERT_ACTION}>>
"addToHist: cond is true"  <<{INSERT_ACTION}, {UNLOCK_ACTION}, {REMOVE_ACTION}, {INSERT_ACTION}, {LOCK_ACTION}, {REMOVE_ACTION}, {INSERT_ACTION}, {UNLOCK_ACTION}, {REMOVE_ACTION}>>
"addToHist: cond is true"  <<{INSERT_ACTION}, {UNLOCK_ACTION}, {REMOVE_ACTION}, {INSERT_ACTION}, {REMOVE_ACTION}, {LOCK_ACTION}, {INSERT_ACTION}, {UNLOCK_ACTION}, {WAIT}>>
"addToHist: cond is true"  <<{INSERT_ACTION}, {UNLOCK_ACTION}, {REMOVE_ACTION}, {INSERT_ACTION}, {LOCK_ACTION}, {UNLOCK_ACTION}, {REMOVE_ACTION}, {INSERT_ACTION}, {REMOVE_ACTION}>>
"addToHist: cond is true"  <<{INSERT_ACTION}, {UNLOCK_ACTION}, {LOCK_ACTION}, {REMOVE_ACTION}, {INSERT_ACTION}, {REMOVE_ACTION}, {INSERT_ACTION}, {REMOVE_ACTION}, {WAIT}>>
"addToHist: cond is true"  <<{INSERT_ACTION}, {UNLOCK_ACTION}, {REMOVE_ACTION}, {INSERT_ACTION}, {LOCK_ACTION}, {REMOVE_ACTION}, {INSERT_ACTION}, {UNLOCK_ACTION}, {LOCK_ACTION}>>
"addToHist: cond is true"  <<{INSERT_ACTION}, {UNLOCK_ACTION}, {LOCK_ACTION}, {REMOVE_ACTION}, {INSERT_ACTION}, {REMOVE_ACTION}, {INSERT_ACTION}, {UNLOCK_ACTION}, {REMOVE_ACTION}>>
"addToHist: cond is true"  <<{INSERT_ACTION}, {UNLOCK_ACTION}, {REMOVE_ACTION}, {INSERT_ACTION}, {LOCK_ACTION}, {UNLOCK_ACTION}, {REMOVE_ACTION}, {INSERT_ACTION}, {LOCK_ACTION}>>
"addToHist: cond is true"  <<{INSERT_ACTION}, {UNLOCK_ACTION}, {REMOVE_ACTION}, {INSERT_ACTION}, {LOCK_ACTION}, {UNLOCK_ACTION}, {REMOVE_ACTION}, {LOCK_ACTION}, {INSERT_ACTION}>>
"addToHist: cond is true"  <<{INSERT_ACTION}, {UNLOCK_ACTION}, {REMOVE_ACTION}, {INSERT_ACTION}, {LOCK_ACTION}, {REMOVE_ACTION}, {INSERT_ACTION}, {UNLOCK_ACTION}, {WAIT}>>
"addToHist: cond is true"  <<{INSERT_ACTION}, {UNLOCK_ACTION}, {LOCK_ACTION}, {REMOVE_ACTION}, {INSERT_ACTION}, {REMOVE_ACTION}, {INSERT_ACTION}, {UNLOCK_ACTION}, {LOCK_ACTION}>>
"addToHist: cond is true"  <<{INSERT_ACTION}, {UNLOCK_ACTION}, {REMOVE_ACTION}, {INSERT_ACTION}, {LOCK_ACTION}, {UNLOCK_ACTION}, {REMOVE_ACTION}, {INSERT_ACTION}, {WAIT}>>
"addToHist: cond is true"  <<{INSERT_ACTION}, {UNLOCK_ACTION}, {REMOVE_ACTION}, {INSERT_ACTION}, {LOCK_ACTION}, {UNLOCK_ACTION}, {REMOVE_ACTION}, {LOCK_ACTION}, {WAIT}>>
"addToHist: cond is true"  <<{INSERT_ACTION}, {UNLOCK_ACTION}, {LOCK_ACTION}, {REMOVE_ACTION}, {INSERT_ACTION}, {UNLOCK_ACTION}, {REMOVE_ACTION}, {INSERT_ACTION}, {REMOVE_ACTION}>>
"addToHist: cond is true"  <<{INSERT_ACTION}, {UNLOCK_ACTION}, {REMOVE_ACTION}, {INSERT_ACTION}, {LOCK_ACTION}, {UNLOCK_ACTION}, {LOCK_ACTION}, {REMOVE_ACTION}, {INSERT_ACTION}>>
"addToHist: cond is true"  <<{INSERT_ACTION}, {UNLOCK_ACTION}, {LOCK_ACTION}, {REMOVE_ACTION}, {INSERT_ACTION}, {UNLOCK_ACTION}, {REMOVE_ACTION}, {INSERT_ACTION}, {LOCK_ACTION}>>
"addToHist: cond is true"  <<{INSERT_ACTION}, {UNLOCK_ACTION}, {REMOVE_ACTION}, {INSERT_ACTION}, {LOCK_ACTION}, {UNLOCK_ACTION}, {LOCK_ACTION}, {REMOVE_ACTION}, {WAIT}>>
"addToHist: cond is true"  <<{INSERT_ACTION}, {UNLOCK_ACTION}, {LOCK_ACTION}, {REMOVE_ACTION}, {INSERT_ACTION}, {UNLOCK_ACTION}, {REMOVE_ACTION}, {LOCK_ACTION}, {INSERT_ACTION}>>
"addToHist: cond is true"  <<{INSERT_ACTION}, {UNLOCK_ACTION}, {LOCK_ACTION}, {REMOVE_ACTION}, {INSERT_ACTION}, {REMOVE_ACTION}, {INSERT_ACTION}, {UNLOCK_ACTION}, {WAIT}>>
"addToHist: cond is true"  <<{INSERT_ACTION}, {UNLOCK_ACTION}, {LOCK_ACTION}, {REMOVE_ACTION}, {INSERT_ACTION}, {UNLOCK_ACTION}, {LOCK_ACTION}, {REMOVE_ACTION}, {INSERT_ACTION}>>
"addToHist: cond is true"  <<{INSERT_ACTION}, {UNLOCK_ACTION}, {LOCK_ACTION}, {REMOVE_ACTION}, {INSERT_ACTION}, {UNLOCK_ACTION}, {REMOVE_ACTION}, {LOCK_ACTION}, {WAIT}>>
"addToHist: cond is true"  <<{INSERT_ACTION}, {UNLOCK_ACTION}, {LOCK_ACTION}, {REMOVE_ACTION}, {INSERT_ACTION}, {UNLOCK_ACTION}, {LOCK_ACTION}, {UNLOCK_ACTION}, {REMOVE_ACTION}>>
"addToHist: cond is true"  <<{INSERT_ACTION}, {UNLOCK_ACTION}, {LOCK_ACTION}, {REMOVE_ACTION}, {INSERT_ACTION}, {UNLOCK_ACTION}, {REMOVE_ACTION}, {INSERT_ACTION}, {WAIT}>>
"addToHist: cond is true"  <<{INSERT_ACTION}, {UNLOCK_ACTION}, {REMOVE_ACTION}, {LOCK_ACTION}, {INSERT_ACTION}, {REMOVE_ACTION}, {INSERT_ACTION}, {REMOVE_ACTION}, {INSERT_ACTION}>>
"addToHist: cond is true"  <<{INSERT_ACTION}, {UNLOCK_ACTION}, {LOCK_ACTION}, {REMOVE_ACTION}, {INSERT_ACTION}, {UNLOCK_ACTION}, {LOCK_ACTION}, {REMOVE_ACTION}, {WAIT}>>
"addToHist: cond is true"  <<{INSERT_ACTION}, {UNLOCK_ACTION}, {REMOVE_ACTION}, {LOCK_ACTION}, {INSERT_ACTION}, {UNLOCK_ACTION}, {REMOVE_ACTION}, {INSERT_ACTION}, {REMOVE_ACTION}>>
"addToHist: cond is true"  <<{INSERT_ACTION}, {UNLOCK_ACTION}, {LOCK_ACTION}, {REMOVE_ACTION}, {INSERT_ACTION}, {UNLOCK_ACTION}, {LOCK_ACTION}, {UNLOCK_ACTION}, {LOCK_ACTION}>>
"addToHist: cond is true"  <<{INSERT_ACTION}, {UNLOCK_ACTION}, {LOCK_ACTION}, {UNLOCK_ACTION}, {REMOVE_ACTION}, {INSERT_ACTION}, {REMOVE_ACTION}, {INSERT_ACTION}, {REMOVE_ACTION}>>
"addToHist: cond is true"  <<{INSERT_ACTION}, {UNLOCK_ACTION}, {REMOVE_ACTION}, {LOCK_ACTION}, {INSERT_ACTION}, {REMOVE_ACTION}, {INSERT_ACTION}, {REMOVE_ACTION}, {WAIT}>>
"addToHist: cond is true"  <<{INSERT_ACTION}, {UNLOCK_ACTION}, {REMOVE_ACTION}, {LOCK_ACTION}, {INSERT_ACTION}, {UNLOCK_ACTION}, {REMOVE_ACTION}, {INSERT_ACTION}, {LOCK_ACTION}>>
"addToHist: cond is true"  <<{INSERT_ACTION}, {UNLOCK_ACTION}, {LOCK_ACTION}, {REMOVE_ACTION}, {INSERT_ACTION}, {UNLOCK_ACTION}, {LOCK_ACTION}, {UNLOCK_ACTION}, {WAIT}>>
"addToHist: cond is true"  <<{INSERT_ACTION}, {UNLOCK_ACTION}, {LOCK_ACTION}, {UNLOCK_ACTION}, {REMOVE_ACTION}, {INSERT_ACTION}, {REMOVE_ACTION}, {INSERT_ACTION}, {LOCK_ACTION}>>
"addToHist: cond is true"  <<{INSERT_ACTION}, {UNLOCK_ACTION}, {REMOVE_ACTION}, {LOCK_ACTION}, {INSERT_ACTION}, {REMOVE_ACTION}, {INSERT_ACTION}, {UNLOCK_ACTION}, {REMOVE_ACTION}>>
"addToHist: cond is true"  <<{INSERT_ACTION}, {UNLOCK_ACTION}, {LOCK_ACTION}, {UNLOCK_ACTION}, {REMOVE_ACTION}, {INSERT_ACTION}, {REMOVE_ACTION}, {LOCK_ACTION}, {INSERT_ACTION}>>
"addToHist: cond is true"  <<{INSERT_ACTION}, {UNLOCK_ACTION}, {REMOVE_ACTION}, {LOCK_ACTION}, {INSERT_ACTION}, {UNLOCK_ACTION}, {REMOVE_ACTION}, {INSERT_ACTION}, {WAIT}>>
"addToHist: cond is true"  <<{INSERT_ACTION}, {UNLOCK_ACTION}, {LOCK_ACTION}, {UNLOCK_ACTION}, {REMOVE_ACTION}, {INSERT_ACTION}, {REMOVE_ACTION}, {INSERT_ACTION}, {WAIT}>>
"addToHist: cond is true"  <<{INSERT_ACTION}, {UNLOCK_ACTION}, {REMOVE_ACTION}, {LOCK_ACTION}, {INSERT_ACTION}, {UNLOCK_ACTION}, {LOCK_ACTION}, {REMOVE_ACTION}, {INSERT_ACTION}>>
"addToHist: cond is true"  <<{INSERT_ACTION}, {UNLOCK_ACTION}, {REMOVE_ACTION}, {LOCK_ACTION}, {INSERT_ACTION}, {REMOVE_ACTION}, {INSERT_ACTION}, {UNLOCK_ACTION}, {LOCK_ACTION}>>
"addToHist: cond is true"  <<{INSERT_ACTION}, {UNLOCK_ACTION}, {LOCK_ACTION}, {UNLOCK_ACTION}, {REMOVE_ACTION}, {INSERT_ACTION}, {REMOVE_ACTION}, {LOCK_ACTION}, {WAIT}>>
"addToHist: cond is true"  <<{INSERT_ACTION}, {UNLOCK_ACTION}, {REMOVE_ACTION}, {LOCK_ACTION}, {INSERT_ACTION}, {UNLOCK_ACTION}, {REMOVE_ACTION}, {LOCK_ACTION}, {INSERT_ACTION}>>
"addToHist: cond is true"  <<{INSERT_ACTION}, {UNLOCK_ACTION}, {REMOVE_ACTION}, {LOCK_ACTION}, {INSERT_ACTION}, {REMOVE_ACTION}, {INSERT_ACTION}, {UNLOCK_ACTION}, {WAIT}>>
"addToHist: cond is true"  <<{INSERT_ACTION}, {UNLOCK_ACTION}, {REMOVE_ACTION}, {LOCK_ACTION}, {INSERT_ACTION}, {UNLOCK_ACTION}, {LOCK_ACTION}, {REMOVE_ACTION}, {WAIT}>>
"addToHist: cond is true"  <<{INSERT_ACTION}, {UNLOCK_ACTION}, {REMOVE_ACTION}, {LOCK_ACTION}, {INSERT_ACTION}, {UNLOCK_ACTION}, {LOCK_ACTION}, {UNLOCK_ACTION}, {REMOVE_ACTION}>>
"addToHist: cond is true"  <<{INSERT_ACTION}, {UNLOCK_ACTION}, {REMOVE_ACTION}, {LOCK_ACTION}, {INSERT_ACTION}, {UNLOCK_ACTION}, {LOCK_ACTION}, {UNLOCK_ACTION}, {LOCK_ACTION}>>
"addToHist: cond is true"  <<{INSERT_ACTION}, {UNLOCK_ACTION}, {LOCK_ACTION}, {UNLOCK_ACTION}, {REMOVE_ACTION}, {LOCK_ACTION}, {INSERT_ACTION}, {REMOVE_ACTION}, {INSERT_ACTION}>>
"addToHist: cond is true"  <<{INSERT_ACTION}, {UNLOCK_ACTION}, {REMOVE_ACTION}, {LOCK_ACTION}, {INSERT_ACTION}, {UNLOCK_ACTION}, {REMOVE_ACTION}, {LOCK_ACTION}, {WAIT}>>
"addToHist: cond is true"  <<{INSERT_ACTION}, {UNLOCK_ACTION}, {LOCK_ACTION}, {UNLOCK_ACTION}, {REMOVE_ACTION}, {INSERT_ACTION}, {LOCK_ACTION}, {UNLOCK_ACTION}, {REMOVE_ACTION}>>
"addToHist: cond is true"  <<{INSERT_ACTION}, {UNLOCK_ACTION}, {REMOVE_ACTION}, {LOCK_ACTION}, {INSERT_ACTION}, {UNLOCK_ACTION}, {LOCK_ACTION}, {UNLOCK_ACTION}, {WAIT}>>
"addToHist: cond is true"  <<{INSERT_ACTION}, {UNLOCK_ACTION}, {LOCK_ACTION}, {UNLOCK_ACTION}, {REMOVE_ACTION}, {LOCK_ACTION}, {INSERT_ACTION}, {REMOVE_ACTION}, {WAIT}>>
"addToHist: cond is true"  <<{INSERT_ACTION}, {UNLOCK_ACTION}, {LOCK_ACTION}, {UNLOCK_ACTION}, {REMOVE_ACTION}, {LOCK_ACTION}, {INSERT_ACTION}, {UNLOCK_ACTION}, {REMOVE_ACTION}>>
"addToHist: cond is true"  <<{INSERT_ACTION}, {UNLOCK_ACTION}, {LOCK_ACTION}, {UNLOCK_ACTION}, {REMOVE_ACTION}, {INSERT_ACTION}, {LOCK_ACTION}, {UNLOCK_ACTION}, {LOCK_ACTION}>>
"addToHist: cond is true"  <<{INSERT_ACTION}, {UNLOCK_ACTION}, {LOCK_ACTION}, {UNLOCK_ACTION}, {LOCK_ACTION}, {REMOVE_ACTION}, {INSERT_ACTION}, {REMOVE_ACTION}, {INSERT_ACTION}>>
"addToHist: cond is true"  <<{INSERT_ACTION}, {UNLOCK_ACTION}, {LOCK_ACTION}, {UNLOCK_ACTION}, {REMOVE_ACTION}, {LOCK_ACTION}, {INSERT_ACTION}, {UNLOCK_ACTION}, {LOCK_ACTION}>>
"addToHist: cond is true"  <<{INSERT_ACTION}, {UNLOCK_ACTION}, {LOCK_ACTION}, {UNLOCK_ACTION}, {REMOVE_ACTION}, {INSERT_ACTION}, {LOCK_ACTION}, {UNLOCK_ACTION}, {WAIT}>>
"addToHist: cond is true"  <<{INSERT_ACTION}, {UNLOCK_ACTION}, {LOCK_ACTION}, {UNLOCK_ACTION}, {LOCK_ACTION}, {REMOVE_ACTION}, {INSERT_ACTION}, {UNLOCK_ACTION}, {REMOVE_ACTION}>>
"addToHist: cond is true"  <<{INSERT_ACTION}, {UNLOCK_ACTION}, {LOCK_ACTION}, {UNLOCK_ACTION}, {LOCK_ACTION}, {REMOVE_ACTION}, {INSERT_ACTION}, {REMOVE_ACTION}, {WAIT}>>
"addToHist: cond is true"  <<{INSERT_ACTION}, {UNLOCK_ACTION}, {LOCK_ACTION}, {UNLOCK_ACTION}, {REMOVE_ACTION}, {LOCK_ACTION}, {INSERT_ACTION}, {UNLOCK_ACTION}, {WAIT}>>
"addToHist: cond is true"  <<{INSERT_ACTION}, {UNLOCK_ACTION}, {LOCK_ACTION}, {UNLOCK_ACTION}, {REMOVE_ACTION}, {INSERT_ACTION}, {LOCK_ACTION}, {REMOVE_ACTION}, {INSERT_ACTION}>>
"addToHist: cond is true"  <<{INSERT_ACTION}, {UNLOCK_ACTION}, {LOCK_ACTION}, {UNLOCK_ACTION}, {LOCK_ACTION}, {REMOVE_ACTION}, {INSERT_ACTION}, {UNLOCK_ACTION}, {LOCK_ACTION}>>
"addToHist: cond is true"  <<{INSERT_ACTION}, {UNLOCK_ACTION}, {LOCK_ACTION}, {UNLOCK_ACTION}, {LOCK_ACTION}, {REMOVE_ACTION}, {INSERT_ACTION}, {UNLOCK_ACTION}, {WAIT}>>
"addToHist: cond is true"  <<{INSERT_ACTION}, {UNLOCK_ACTION}, {LOCK_ACTION}, {UNLOCK_ACTION}, {REMOVE_ACTION}, {INSERT_ACTION}, {LOCK_ACTION}, {REMOVE_ACTION}, {WAIT}>>
@!@!@STARTMSG 2193:0 @!@!@
Model checking completed. No error has been found.
  Estimates of the probability that TLC did not check all reachable states
  because two distinct states had the same fingerprint:
  calculated (optimistic):  val = 4.3E-16
@!@!@ENDMSG 2193 @!@!@
@!@!@STARTMSG 2201:0 @!@!@
The coverage statistics at 2021-10-06 09:28:25
@!@!@ENDMSG 2201 @!@!@
@!@!@STARTMSG 2773:0 @!@!@
<Init line 108, col 1 to line 108, col 4 of module TokeneerIII>: 1:1
@!@!@ENDMSG 2773 @!@!@
@!@!@STARTMSG 2221:0 @!@!@
  line 109, col 5 to line 121, col 16 of module TokeneerIII: 1
@!@!@ENDMSG 2221 @!@!@
@!@!@STARTMSG 2772:0 @!@!@
<Next line 175, col 1 to line 175, col 4 of module TokeneerIII>: 111:182
@!@!@ENDMSG 2772 @!@!@
@!@!@STARTMSG 2221:0 @!@!@
  line 175, col 17 to line 175, col 25 of module TokeneerIII: 112
@!@!@ENDMSG 2221 @!@!@
@!@!@STARTMSG 2221:0 @!@!@
  line 67, col 9 to line 67, col 14 of module TokeneerIII: 163
@!@!@ENDMSG 2221 @!@!@
@!@!@STARTMSG 2221:0 @!@!@
  |line 67, col 10 to line 67, col 14 of module TokeneerIII: 112
@!@!@ENDMSG 2221 @!@!@
@!@!@STARTMSG 2221:0 @!@!@
  line 68, col 9 to line 68, col 19 of module TokeneerIII: 51
@!@!@ENDMSG 2221 @!@!@
@!@!@STARTMSG 2221:0 @!@!@
  line 68, col 33 to line 68, col 53 of module TokeneerIII: 51
@!@!@ENDMSG 2221 @!@!@
@!@!@STARTMSG 2221:0 @!@!@
  line 68, col 58 to line 68, col 89 of module TokeneerIII: 51
@!@!@ENDMSG 2221 @!@!@
@!@!@STARTMSG 2221:0 @!@!@
  line 68, col 94 to line 68, col 113 of module TokeneerIII: 51
@!@!@ENDMSG 2221 @!@!@
@!@!@STARTMSG 2221:0 @!@!@
  line 69, col 23 to line 69, col 46 of module TokeneerIII: 51
@!@!@ENDMSG 2221 @!@!@
@!@!@STARTMSG 2221:0 @!@!@
  line 70, col 13 to line 70, col 51 of module TokeneerIII: 51
@!@!@ENDMSG 2221 @!@!@
@!@!@STARTMSG 2221:0 @!@!@
  line 74, col 9 to line 75, col 56 of module TokeneerIII: 61
@!@!@ENDMSG 2221 @!@!@
@!@!@STARTMSG 2221:0 @!@!@
  line 76, col 13 to line 76, col 96 of module TokeneerIII: 61
@!@!@ENDMSG 2221 @!@!@
@!@!@STARTMSG 2221:0 @!@!@
  line 53, col 9 to line 53, col 23 of module TokeneerIII: 23
@!@!@ENDMSG 2221 @!@!@
@!@!@STARTMSG 2221:0 @!@!@
  line 54, col 13 to line 54, col 37 of module TokeneerIII: 23
@!@!@ENDMSG 2221 @!@!@
@!@!@STARTMSG 2221:0 @!@!@
  |line 54, col 13 to line 54, col 18 of module TokeneerIII: 26
@!@!@ENDMSG 2221 @!@!@
@!@!@STARTMSG 2221:0 @!@!@
  |line 54, col 23 to line 54, col 37 of module TokeneerIII: 26
@!@!@ENDMSG 2221 @!@!@
@!@!@STARTMSG 2221:0 @!@!@
  line 55, col 9 to line 55, col 21 of module TokeneerIII: 23
@!@!@ENDMSG 2221 @!@!@
@!@!@STARTMSG 2221:0 @!@!@
  line 55, col 34 to line 55, col 63 of module TokeneerIII: 23
@!@!@ENDMSG 2221 @!@!@
@!@!@STARTMSG 2221:0 @!@!@
  line 55, col 68 to line 55, col 88 of module TokeneerIII: 23
@!@!@ENDMSG 2221 @!@!@
@!@!@STARTMSG 2221:0 @!@!@
  line 56, col 13 to line 56, col 82 of module TokeneerIII: 23
@!@!@ENDMSG 2221 @!@!@
@!@!@STARTMSG 2221:0 @!@!@
  line 60, col 9 to line 60, col 15 of module TokeneerIII: 159
@!@!@ENDMSG 2221 @!@!@
@!@!@STARTMSG 2221:0 @!@!@
  |line 60, col 10 to line 60, col 15 of module TokeneerIII: 112
@!@!@ENDMSG 2221 @!@!@
@!@!@STARTMSG 2221:0 @!@!@
  line 61, col 9 to line 61, col 20 of module TokeneerIII: 47
@!@!@ENDMSG 2221 @!@!@
@!@!@STARTMSG 2221:0 @!@!@
  line 61, col 34 to line 61, col 61 of module TokeneerIII: 47
@!@!@ENDMSG 2221 @!@!@
@!@!@STARTMSG 2221:0 @!@!@
  line 62, col 13 to line 62, col 95 of module TokeneerIII: 47
@!@!@ENDMSG 2221 @!@!@
@!@!@STARTMSG 2221:0 @!@!@
  line 138, col 14 to line 138, col 33 of module TokeneerIII: 0
@!@!@ENDMSG 2221 @!@!@
@!@!@STARTMSG 2221:0 @!@!@
  line 138, col 38 to line 138, col 58 of module TokeneerIII: 112
@!@!@ENDMSG 2221 @!@!@
@!@!@STARTMSG 2221:0 @!@!@
  line 140, col 65 to line 140, col 81 of module TokeneerIII: 182
@!@!@ENDMSG 2221 @!@!@
@!@!@STARTMSG 2221:0 @!@!@
  line 175, col 58 to line 175, col 76 of module TokeneerIII: 182
@!@!@ENDMSG 2221 @!@!@
@!@!@STARTMSG 2221:0 @!@!@
  |line 170, col 24 to line 170, col 66 of module TokeneerIII: 182
@!@!@ENDMSG 2221 @!@!@
@!@!@STARTMSG 2221:0 @!@!@
  ||line 165, col 22 to line 165, col 60 of module TokeneerIII: 182
@!@!@ENDMSG 2221 @!@!@
@!@!@STARTMSG 2221:0 @!@!@
  |||line 165, col 22 to line 165, col 35 of module TokeneerIII: 182
@!@!@ENDMSG 2221 @!@!@
@!@!@STARTMSG 2221:0 @!@!@
  |||line 165, col 40 to line 165, col 60 of module TokeneerIII: 78
@!@!@ENDMSG 2221 @!@!@
@!@!@STARTMSG 2221:0 @!@!@
  ||line 166, col 23 to line 166, col 26 of module TokeneerIII: 182
@!@!@ENDMSG 2221 @!@!@
@!@!@STARTMSG 2221:0 @!@!@
  ||line 167, col 9 to line 167, col 31 of module TokeneerIII: 182
@!@!@ENDMSG 2221 @!@!@
@!@!@STARTMSG 2221:0 @!@!@
  ||line 170, col 31 to line 170, col 41 of module TokeneerIII: 182
@!@!@ENDMSG 2221 @!@!@
@!@!@STARTMSG 2221:0 @!@!@
  ||line 170, col 44 to line 170, col 57 of module TokeneerIII: 182
@!@!@ENDMSG 2221 @!@!@
@!@!@STARTMSG 2221:0 @!@!@
  ||line 170, col 63 to line 170, col 65 of module TokeneerIII: 78
@!@!@ENDMSG 2221 @!@!@
@!@!@STARTMSG 2774:0 @!@!@
<TypeCheck line 95, col 1 to line 95, col 9 of module TokeneerIII>
@!@!@ENDMSG 2774 @!@!@
@!@!@STARTMSG 2221:0 @!@!@
  line 96, col 6 to line 106, col 34 of module TokeneerIII: 183
@!@!@ENDMSG 2221 @!@!@
@!@!@STARTMSG 2774:0 @!@!@
<InsertLeadsToUnlocked line 211, col 1 to line 211, col 21 of module TokeneerIII>
@!@!@ENDMSG 2774 @!@!@
@!@!@STARTMSG 2221:0 @!@!@
  line 212, col 5 to line 212, col 85 of module TokeneerIII: 183
@!@!@ENDMSG 2221 @!@!@
@!@!@STARTMSG 2221:0 @!@!@
  |line 212, col 5 to line 212, col 18 of module TokeneerIII: 183
@!@!@ENDMSG 2221 @!@!@
@!@!@STARTMSG 2221:0 @!@!@
  |line 212, col 24 to line 212, col 84 of module TokeneerIII: 182
@!@!@ENDMSG 2221 @!@!@
@!@!@STARTMSG 2221:0 @!@!@
  ||line 212, col 24 to line 212, col 51 of module TokeneerIII: 182
@!@!@ENDMSG 2221 @!@!@
@!@!@STARTMSG 2221:0 @!@!@
  ||line 212, col 58 to line 212, col 84 of module TokeneerIII: 89
@!@!@ENDMSG 2221 @!@!@
@!@!@STARTMSG 2778:0 @!@!@
<constr_1633537703596219000 line 15, col 1 to line 15, col 26 of module MC>: 112:183
@!@!@ENDMSG 2778 @!@!@
@!@!@STARTMSG 2221:0 @!@!@
  line 16, col 1 to line 16, col 17 of module MC: 183
@!@!@ENDMSG 2221 @!@!@
@!@!@STARTMSG 2202:0 @!@!@
End of statistics.
@!@!@ENDMSG 2202 @!@!@
@!@!@STARTMSG 2200:0 @!@!@
Progress(9) at 2021-10-06 09:28:25: 183 states generated (7,945 s/min), 112 distinct states found (4,862 ds/min), 0 states left on queue.
@!@!@ENDMSG 2200 @!@!@
@!@!@STARTMSG 2199:0 @!@!@
183 states generated, 112 distinct states found, 0 states left on queue.
@!@!@ENDMSG 2199 @!@!@
@!@!@STARTMSG 2194:0 @!@!@
The depth of the complete state graph search is 9.
@!@!@ENDMSG 2194 @!@!@
@!@!@STARTMSG 2268:0 @!@!@
The average outdegree of the complete state graph is 1 (minimum is 0, the maximum 2 and the 95th percentile is 2).
@!@!@ENDMSG 2268 @!@!@
@!@!@STARTMSG 2186:0 @!@!@
Finished in 1388ms at (2021-10-06 09:28:25)
@!@!@ENDMSG 2186 @!@!@
