@!@!@STARTMSG 2262:0 @!@!@
TLC2 Version 2.16 of Day Month 20?? (rev: c824a8a)
@!@!@ENDMSG 2262 @!@!@
@!@!@STARTMSG 2187:0 @!@!@
Running breadth-first search Model-Checking with fp 17 and seed -4960438004379676310 with 4 workers on 8 cores with 2407MB heap and 5414MB offheap memory [pid: 18368] (Windows 10 10.0 amd64, AdoptOpenJDK 14.0.1 x86_64, OffHeapDiskFPSet, DiskStateQueue).
@!@!@ENDMSG 2187 @!@!@
@!@!@STARTMSG 2220:0 @!@!@
Starting SANY...
@!@!@ENDMSG 2220 @!@!@
Parsing file C:\Users\snedunu\Documents\Projects\FM\model_refinement_LDRD_21_24\fromZip\Tokeneer\specs\Tokeneer.toolbox\Model_I\MC.tla
Parsing file C:\Users\snedunu\Documents\Projects\FM\model_refinement_LDRD_21_24\fromZip\Tokeneer\specs\Tokeneer.toolbox\Model_I\Tokeneer.tla
Parsing file C:\ProgramFiles\TLA-1.8.0\toolbox\plugins\org.lamport.tlatools_1.0.0.202109030417\tla2sany\StandardModules\TLC.tla
Parsing file C:\Users\snedunu\Documents\Projects\FM\model_refinement_LDRD_21_24\fromZip\Tokeneer\specs\Tokeneer.toolbox\Model_I\TokeneerIII.tla
Parsing file C:\ProgramFiles\TLA-1.8.0\toolbox\plugins\org.lamport.tlatools_1.0.0.202109030417\tla2sany\StandardModules\Naturals.tla
Parsing file C:\ProgramFiles\TLA-1.8.0\toolbox\plugins\org.lamport.tlatools_1.0.0.202109030417\tla2sany\StandardModules\Integers.tla
Parsing file C:\ProgramFiles\TLA-1.8.0\toolbox\plugins\org.lamport.tlatools_1.0.0.202109030417\tla2sany\StandardModules\Sequences.tla
Parsing file C:\ProgramFiles\TLA-1.8.0\toolbox\plugins\org.lamport.tlatools_1.0.0.202109030417\tla2sany\StandardModules\FiniteSets.tla
Semantic processing of module Naturals
Semantic processing of module Integers
Semantic processing of module Sequences
Semantic processing of module FiniteSets
Semantic processing of module TLC
Semantic processing of module TokeneerIII
Semantic processing of module Tokeneer
Semantic processing of module MC
@!@!@STARTMSG 2219:0 @!@!@
SANY finished.
@!@!@ENDMSG 2219 @!@!@
@!@!@STARTMSG 2185:0 @!@!@
Starting... (2021-10-18 10:11:58)
@!@!@ENDMSG 2185 @!@!@
@!@!@STARTMSG 2189:0 @!@!@
Computing initial states...
@!@!@ENDMSG 2189 @!@!@
@!@!@STARTMSG 2190:0 @!@!@
Finished computing initial states: 1 distinct state generated at 2021-10-18 10:11:58.
@!@!@ENDMSG 2190 @!@!@
@!@!@STARTMSG 2114:1 @!@!@
Deadlock reached.
@!@!@ENDMSG 2114 @!@!@
@!@!@STARTMSG 2121:1 @!@!@
The behavior up to this point is:
@!@!@ENDMSG 2121 @!@!@
@!@!@STARTMSG 2217:4 @!@!@
1: <Initial predicate>
/\ insertHappened = FALSE
/\ token = FALSE
/\ lastUnlockT = 7
/\ unlockDeadlines = {}
/\ lastInsertT = -7
/\ locked = TRUE
/\ clock = 0

@!@!@ENDMSG 2217 @!@!@
@!@!@STARTMSG 2217:4 @!@!@
2: <Next line 94, col 9 to line 94, col 58 of module TokeneerIII>
/\ insertHappened = TRUE
/\ token = TRUE
/\ lastUnlockT = 7
/\ unlockDeadlines = {4}
/\ lastInsertT = 0
/\ locked = TRUE
/\ clock = 1

@!@!@ENDMSG 2217 @!@!@
@!@!@STARTMSG 2217:4 @!@!@
3: <Next line 94, col 9 to line 94, col 58 of module TokeneerIII>
/\ insertHappened = TRUE
/\ token = FALSE
/\ lastUnlockT = 7
/\ unlockDeadlines = {4}
/\ lastInsertT = 0
/\ locked = TRUE
/\ clock = 2

@!@!@ENDMSG 2217 @!@!@
@!@!@STARTMSG 2217:4 @!@!@
4: <Next line 94, col 9 to line 94, col 58 of module TokeneerIII>
/\ insertHappened = TRUE
/\ token = TRUE
/\ lastUnlockT = 7
/\ unlockDeadlines = {4, 6}
/\ lastInsertT = 2
/\ locked = TRUE
/\ clock = 3

@!@!@ENDMSG 2217 @!@!@
@!@!@STARTMSG 2217:4 @!@!@
5: <Next line 94, col 9 to line 94, col 58 of module TokeneerIII>
/\ insertHappened = TRUE
/\ token = FALSE
/\ lastUnlockT = 7
/\ unlockDeadlines = {4, 6}
/\ lastInsertT = 2
/\ locked = TRUE
/\ clock = 4

@!@!@ENDMSG 2217 @!@!@
@!@!@STARTMSG 2217:4 @!@!@
6: <Next line 94, col 9 to line 94, col 58 of module TokeneerIII>
/\ insertHappened = TRUE
/\ token = FALSE
/\ lastUnlockT = 4
/\ unlockDeadlines = {}
/\ lastInsertT = 2
/\ locked = FALSE
/\ clock = 5

@!@!@ENDMSG 2217 @!@!@
@!@!@STARTMSG 2217:4 @!@!@
7: <Next line 94, col 9 to line 94, col 58 of module TokeneerIII>
/\ insertHappened = TRUE
/\ token = FALSE
/\ lastUnlockT = 4
/\ unlockDeadlines = {}
/\ lastInsertT = 2
/\ locked = FALSE
/\ clock = 6

@!@!@ENDMSG 2217 @!@!@
@!@!@STARTMSG 2217:4 @!@!@
8: <Next line 94, col 9 to line 94, col 58 of module TokeneerIII>
/\ insertHappened = TRUE
/\ token = FALSE
/\ lastUnlockT = 4
/\ unlockDeadlines = {}
/\ lastInsertT = 2
/\ locked = FALSE
/\ clock = 7

@!@!@ENDMSG 2217 @!@!@
@!@!@STARTMSG 2201:0 @!@!@
The coverage statistics at 2021-10-18 10:11:58
@!@!@ENDMSG 2201 @!@!@
@!@!@STARTMSG 2773:0 @!@!@
<Init line 63, col 1 to line 63, col 4 of module TokeneerIII>: 2:2
@!@!@ENDMSG 2773 @!@!@
@!@!@STARTMSG 2221:0 @!@!@
  line 64, col 5 to line 71, col 16 of module TokeneerIII: 2
@!@!@ENDMSG 2221 @!@!@
@!@!@STARTMSG 2772:0 @!@!@
<Next line 94, col 1 to line 94, col 4 of module TokeneerIII>: 216:334
@!@!@ENDMSG 2772 @!@!@
@!@!@STARTMSG 2221:0 @!@!@
  line 92, col 14 to line 92, col 29 of module TokeneerIII: 136
@!@!@ENDMSG 2221 @!@!@
@!@!@STARTMSG 2221:0 @!@!@
  |line 92, col 23 to line 92, col 29 of module TokeneerIII: 140
@!@!@ENDMSG 2221 @!@!@
@!@!@STARTMSG 2221:0 @!@!@
  line 43, col 9 to line 43, col 14 of module TokeneerIII: 172
@!@!@ENDMSG 2221 @!@!@
@!@!@STARTMSG 2221:0 @!@!@
  |line 43, col 10 to line 43, col 14 of module TokeneerIII: 140
@!@!@ENDMSG 2221 @!@!@
@!@!@STARTMSG 2221:0 @!@!@
  line 43, col 19 to line 43, col 24 of module TokeneerIII: 32
@!@!@ENDMSG 2221 @!@!@
@!@!@STARTMSG 2221:0 @!@!@
  line 44, col 9 to line 44, col 19 of module TokeneerIII: 32
@!@!@ENDMSG 2221 @!@!@
@!@!@STARTMSG 2221:0 @!@!@
  |line 44, col 16 to line 44, col 19 of module TokeneerIII: 37
@!@!@ENDMSG 2221 @!@!@
@!@!@STARTMSG 2221:0 @!@!@
  line 44, col 24 to line 44, col 44 of module TokeneerIII: 32
@!@!@ENDMSG 2221 @!@!@
@!@!@STARTMSG 2221:0 @!@!@
  |line 44, col 41 to line 44, col 44 of module TokeneerIII: 37
@!@!@ENDMSG 2221 @!@!@
@!@!@STARTMSG 2221:0 @!@!@
  line 45, col 9 to line 45, col 26 of module TokeneerIII: 32
@!@!@ENDMSG 2221 @!@!@
@!@!@STARTMSG 2221:0 @!@!@
  |line 45, col 22 to line 45, col 26 of module TokeneerIII: 37
@!@!@ENDMSG 2221 @!@!@
@!@!@STARTMSG 2221:0 @!@!@
  line 45, col 31 to line 45, col 81 of module TokeneerIII: 32
@!@!@ENDMSG 2221 @!@!@
@!@!@STARTMSG 2221:0 @!@!@
  |line 45, col 50 to line 45, col 81 of module TokeneerIII: 37
@!@!@ENDMSG 2221 @!@!@
@!@!@STARTMSG 2221:0 @!@!@
  line 46, col 9 to line 46, col 41 of module TokeneerIII: 32
@!@!@ENDMSG 2221 @!@!@
@!@!@STARTMSG 2221:0 @!@!@
  line 50, col 9 to line 50, col 13 of module TokeneerIII: 67
@!@!@ENDMSG 2221 @!@!@
@!@!@STARTMSG 2221:0 @!@!@
  line 51, col 9 to line 51, col 20 of module TokeneerIII: 67
@!@!@ENDMSG 2221 @!@!@
@!@!@STARTMSG 2221:0 @!@!@
  |line 51, col 16 to line 51, col 20 of module TokeneerIII: 73
@!@!@ENDMSG 2221 @!@!@
@!@!@STARTMSG 2221:0 @!@!@
  line 51, col 25 to line 51, col 103 of module TokeneerIII: 67
@!@!@ENDMSG 2221 @!@!@
@!@!@STARTMSG 2221:0 @!@!@
  line 31, col 9 to line 31, col 14 of module TokeneerIII: 60
@!@!@ENDMSG 2221 @!@!@
@!@!@STARTMSG 2221:0 @!@!@
  line 31, col 19 to line 31, col 42 of module TokeneerIII: 60
@!@!@ENDMSG 2221 @!@!@
@!@!@STARTMSG 2221:0 @!@!@
  |line 31, col 19 to line 31, col 23 of module TokeneerIII: 84
@!@!@ENDMSG 2221 @!@!@
@!@!@STARTMSG 2221:0 @!@!@
  |line 31, col 28 to line 31, col 42 of module TokeneerIII: 84
@!@!@ENDMSG 2221 @!@!@
@!@!@STARTMSG 2221:0 @!@!@
  line 32, col 9 to line 32, col 21 of module TokeneerIII: 60
@!@!@ENDMSG 2221 @!@!@
@!@!@STARTMSG 2221:0 @!@!@
  |line 32, col 17 to line 32, col 21 of module TokeneerIII: 62
@!@!@ENDMSG 2221 @!@!@
@!@!@STARTMSG 2221:0 @!@!@
  line 32, col 26 to line 32, col 46 of module TokeneerIII: 60
@!@!@ENDMSG 2221 @!@!@
@!@!@STARTMSG 2775:0 @!@!@
  |line 32, col 45 to line 32, col 46 of module TokeneerIII: 62:137
@!@!@ENDMSG 2775 @!@!@
@!@!@STARTMSG 2221:0 @!@!@
  line 32, col 51 to line 32, col 70 of module TokeneerIII: 60
@!@!@ENDMSG 2221 @!@!@
@!@!@STARTMSG 2221:0 @!@!@
  |line 32, col 66 to line 32, col 70 of module TokeneerIII: 62
@!@!@ENDMSG 2221 @!@!@
@!@!@STARTMSG 2221:0 @!@!@
  line 33, col 13 to line 33, col 60 of module TokeneerIII: 60
@!@!@ENDMSG 2221 @!@!@
@!@!@STARTMSG 2221:0 @!@!@
  line 37, col 9 to line 37, col 15 of module TokeneerIII: 192
@!@!@ENDMSG 2221 @!@!@
@!@!@STARTMSG 2221:0 @!@!@
  |line 37, col 10 to line 37, col 15 of module TokeneerIII: 140
@!@!@ENDMSG 2221 @!@!@
@!@!@STARTMSG 2221:0 @!@!@
  line 38, col 9 to line 38, col 20 of module TokeneerIII: 52
@!@!@ENDMSG 2221 @!@!@
@!@!@STARTMSG 2221:0 @!@!@
  |line 38, col 17 to line 38, col 20 of module TokeneerIII: 56
@!@!@ENDMSG 2221 @!@!@
@!@!@STARTMSG 2221:0 @!@!@
  line 38, col 25 to line 38, col 102 of module TokeneerIII: 52
@!@!@ENDMSG 2221 @!@!@
@!@!@STARTMSG 2221:0 @!@!@
  line 84, col 14 to line 84, col 33 of module TokeneerIII: 123
@!@!@ENDMSG 2221 @!@!@
@!@!@STARTMSG 2221:0 @!@!@
  line 90, col 56 to line 90, col 75 of module TokeneerIII: 368
@!@!@ENDMSG 2221 @!@!@
@!@!@STARTMSG 2221:0 @!@!@
  |line 90, col 56 to line 90, col 74 of module TokeneerIII: 368
@!@!@ENDMSG 2221 @!@!@
@!@!@STARTMSG 2221:0 @!@!@
  ||line 86, col 24 to line 86, col 52 of module TokeneerIII: 368
@!@!@ENDMSG 2221 @!@!@
@!@!@STARTMSG 2221:0 @!@!@
  |||line 86, col 24 to line 86, col 28 of module TokeneerIII: 368
@!@!@ENDMSG 2221 @!@!@
@!@!@STARTMSG 2221:0 @!@!@
  |||line 86, col 33 to line 86, col 52 of module TokeneerIII: 368
@!@!@ENDMSG 2221 @!@!@
@!@!@STARTMSG 2221:0 @!@!@
  ||||line 26, col 12 to line 26, col 78 of module TokeneerIII: 368
@!@!@ENDMSG 2221 @!@!@
@!@!@STARTMSG 2221:0 @!@!@
  |||||line 26, col 15 to line 26, col 19 of module TokeneerIII: 368
@!@!@ENDMSG 2221 @!@!@
@!@!@STARTMSG 2221:0 @!@!@
  |||||line 26, col 26 to line 26, col 33 of module TokeneerIII: 254
@!@!@ENDMSG 2221 @!@!@
@!@!@STARTMSG 2221:0 @!@!@
  |||||line 26, col 40 to line 26, col 78 of module TokeneerIII: 114
@!@!@ENDMSG 2221 @!@!@
@!@!@STARTMSG 2221:0 @!@!@
  ||||||line 26, col 59 to line 26, col 77 of module TokeneerIII: 114
@!@!@ENDMSG 2221 @!@!@
@!@!@STARTMSG 2221:0 @!@!@
  |||||||line 26, col 72 to line 26, col 77 of module TokeneerIII: 151
@!@!@ENDMSG 2221 @!@!@
@!@!@STARTMSG 2221:0 @!@!@
  |||||||line 26, col 68 to line 26, col 69 of module TokeneerIII: 114
@!@!@ENDMSG 2221 @!@!@
@!@!@STARTMSG 2221:0 @!@!@
  ||||||line 26, col 53 to line 26, col 54 of module TokeneerIII: 114
@!@!@ENDMSG 2221 @!@!@
@!@!@STARTMSG 2221:0 @!@!@
  ||||line 86, col 37 to line 86, col 51 of module TokeneerIII: 596
@!@!@ENDMSG 2221 @!@!@
@!@!@STARTMSG 2221:0 @!@!@
  line 94, col 40 to line 94, col 58 of module TokeneerIII: 334
@!@!@ENDMSG 2221 @!@!@
@!@!@STARTMSG 2221:0 @!@!@
  |line 86, col 24 to line 86, col 52 of module TokeneerIII: 334
@!@!@ENDMSG 2221 @!@!@
@!@!@STARTMSG 2221:0 @!@!@
  ||line 86, col 24 to line 86, col 28 of module TokeneerIII: 334
@!@!@ENDMSG 2221 @!@!@
@!@!@STARTMSG 2221:0 @!@!@
  ||line 86, col 33 to line 86, col 52 of module TokeneerIII: 334
@!@!@ENDMSG 2221 @!@!@
@!@!@STARTMSG 2221:0 @!@!@
  |||line 26, col 12 to line 26, col 78 of module TokeneerIII: 334
@!@!@ENDMSG 2221 @!@!@
@!@!@STARTMSG 2221:0 @!@!@
  ||||line 26, col 15 to line 26, col 19 of module TokeneerIII: 334
@!@!@ENDMSG 2221 @!@!@
@!@!@STARTMSG 2221:0 @!@!@
  ||||line 26, col 26 to line 26, col 33 of module TokeneerIII: 220
@!@!@ENDMSG 2221 @!@!@
@!@!@STARTMSG 2221:0 @!@!@
  ||||line 26, col 40 to line 26, col 78 of module TokeneerIII: 114
@!@!@ENDMSG 2221 @!@!@
@!@!@STARTMSG 2221:0 @!@!@
  |||||line 26, col 59 to line 26, col 77 of module TokeneerIII: 114
@!@!@ENDMSG 2221 @!@!@
@!@!@STARTMSG 2221:0 @!@!@
  ||||||line 26, col 72 to line 26, col 77 of module TokeneerIII: 133
@!@!@ENDMSG 2221 @!@!@
@!@!@STARTMSG 2221:0 @!@!@
  ||||||line 26, col 68 to line 26, col 69 of module TokeneerIII: 114
@!@!@ENDMSG 2221 @!@!@
@!@!@STARTMSG 2221:0 @!@!@
  |||||line 26, col 53 to line 26, col 54 of module TokeneerIII: 114
@!@!@ENDMSG 2221 @!@!@
@!@!@STARTMSG 2221:0 @!@!@
  |||line 86, col 37 to line 86, col 51 of module TokeneerIII: 334
@!@!@ENDMSG 2221 @!@!@
@!@!@STARTMSG 2774:0 @!@!@
<TypeCheck line 54, col 1 to line 54, col 9 of module TokeneerIII>
@!@!@ENDMSG 2774 @!@!@
@!@!@STARTMSG 2221:0 @!@!@
  line 55, col 6 to line 61, col 43 of module TokeneerIII: 217
@!@!@ENDMSG 2221 @!@!@
@!@!@STARTMSG 2221:0 @!@!@
  |line 55, col 9 to line 55, col 26 of module TokeneerIII: 217
@!@!@ENDMSG 2221 @!@!@
@!@!@STARTMSG 2221:0 @!@!@
  |line 56, col 9 to line 56, col 26 of module TokeneerIII: 217
@!@!@ENDMSG 2221 @!@!@
@!@!@STARTMSG 2221:0 @!@!@
  |line 57, col 9 to line 57, col 21 of module TokeneerIII: 217
@!@!@ENDMSG 2221 @!@!@
@!@!@STARTMSG 2221:0 @!@!@
  |line 58, col 9 to line 58, col 28 of module TokeneerIII: 217
@!@!@ENDMSG 2221 @!@!@
@!@!@STARTMSG 2221:0 @!@!@
  |line 59, col 9 to line 59, col 28 of module TokeneerIII: 217
@!@!@ENDMSG 2221 @!@!@
@!@!@STARTMSG 2221:0 @!@!@
  |line 60, col 9 to line 60, col 34 of module TokeneerIII: 217
@!@!@ENDMSG 2221 @!@!@
@!@!@STARTMSG 2221:0 @!@!@
  |line 61, col 9 to line 61, col 43 of module TokeneerIII: 217
@!@!@ENDMSG 2221 @!@!@
@!@!@STARTMSG 2221:0 @!@!@
  ||line 61, col 35 to line 61, col 43 of module TokeneerIII: 88
@!@!@ENDMSG 2221 @!@!@
@!@!@STARTMSG 2221:0 @!@!@
  ||line 61, col 18 to line 61, col 32 of module TokeneerIII: 217
@!@!@ENDMSG 2221 @!@!@
@!@!@STARTMSG 2202:0 @!@!@
End of statistics.
@!@!@ENDMSG 2202 @!@!@
@!@!@STARTMSG 2200:0 @!@!@
Progress(9) at 2021-10-18 10:11:59: 319 states generated (18,039 s/min), 217 distinct states found (12,271 ds/min), 84 states left on queue.
@!@!@ENDMSG 2200 @!@!@
@!@!@STARTMSG 2199:0 @!@!@
319 states generated, 217 distinct states found, 84 states left on queue.
@!@!@ENDMSG 2199 @!@!@
@!@!@STARTMSG 2194:0 @!@!@
The depth of the complete state graph search is 9.
@!@!@ENDMSG 2194 @!@!@
@!@!@STARTMSG 2186:0 @!@!@
Finished in 1065ms at (2021-10-18 10:11:59)
@!@!@ENDMSG 2186 @!@!@
